#
# There is insufficient memory for the Java Runtime Environment to continue.
# Native memory allocation (malloc) failed to allocate 1972624 bytes for Chunk::new
# Possible reasons:
#   The system is out of physical RAM or swap space
#   The process is running with CompressedOops enabled, and the Java Heap may be blocking the growth of the native heap
# Possible solutions:
#   Reduce memory load on the system
#   Increase physical memory or swap space
#   Check if swap backing store is full
#   Decrease Java heap size (-Xmx/-Xms)
#   Decrease number of Java threads
#   Decrease Java thread stack sizes (-Xss)
#   Set larger code cache with -XX:ReservedCodeCacheSize=
#   JVM is running with Unscaled Compressed Oops mode in which the Java heap is
#     placed in the first 4GB address space. The Java Heap base address is the
#     maximum limit for the native heap growth. Please use -XX:HeapBaseMinAddress
#     to set the Java Heap base and to place the Java Heap above 4GB virtual address.
# This output file may be truncated or incomplete.
#
#  Out of Memory Error (arena.cpp:189), pid=9004, tid=528
#
# JRE version: Java(TM) SE Runtime Environment (17.0.2+8) (build 17.0.2+8-LTS-86)
# Java VM: Java HotSpot(TM) 64-Bit Server VM (17.0.2+8-LTS-86, mixed mode, sharing, tiered, compressed oops, compressed class ptrs, g1 gc, windows-amd64)
# No core dump will be written. Minidumps are not enabled by default on client versions of Windows
#

---------------  S U M M A R Y ------------

Command Line: --add-opens=java.base/java.util=ALL-UNNAMED --add-opens=java.base/java.lang=ALL-UNNAMED --add-opens=java.base/java.lang.invoke=ALL-UNNAMED --add-opens=java.base/java.util=ALL-UNNAMED --add-opens=java.prefs/java.util.prefs=ALL-UNNAMED --add-opens=java.prefs/java.util.prefs=ALL-UNNAMED --add-opens=java.base/java.nio.charset=ALL-UNNAMED --add-opens=java.base/java.net=ALL-UNNAMED --add-opens=java.base/java.util.concurrent.atomic=ALL-UNNAMED -Xmx1536M -Dfile.encoding=utf8 -Duser.country=US -Duser.language=en -Duser.variant org.gradle.launcher.daemon.bootstrap.GradleDaemon 7.4

Host: AMD A6-6310 APU with AMD Radeon R4 Graphics    , 4 cores, 4G,  Windows 10 , 64 bit Build 19041 (10.0.19041.2364)
Time: Wed Jan  4 06:16:44 2023 Malay Peninsula Standard Time elapsed time: 194.419710 seconds (0d 0h 3m 14s)

---------------  T H R E A D  ---------------

Current thread (0x0000023c82139790):  JavaThread "C2 CompilerThread1" daemon [_thread_in_native, id=528, stack(0x000000d20ad00000,0x000000d20ae00000)]


Current CompileTask:
C2: 194419 10394   !   4       org.gradle.internal.instantiation.generator.DependencyInjectingInstantiator::doCreate (64 bytes)

Stack: [0x000000d20ad00000,0x000000d20ae00000]
Native frames: (J=compiled Java code, j=interpreted, Vv=VM code, C=native code)
V  [jvm.dll+0x670baa]
V  [jvm.dll+0x7cfcb4]
V  [jvm.dll+0x7d145e]
V  [jvm.dll+0x7d1ac3]
V  [jvm.dll+0x242bc5]
V  [jvm.dll+0xaa57b]
V  [jvm.dll+0xaab0c]
V  [jvm.dll+0x35fd07]
V  [jvm.dll+0x32a331]
V  [jvm.dll+0x3297da]
V  [jvm.dll+0x215c91]
V  [jvm.dll+0x2150b1]
V  [jvm.dll+0x1a1bbd]
V  [jvm.dll+0x224908]
V  [jvm.dll+0x222a6c]
V  [jvm.dll+0x7859bb]
V  [jvm.dll+0x77ff7a]
V  [jvm.dll+0x66fa35]
C  [ucrtbase.dll+0x21bb2]
C  [KERNEL32.DLL+0x17614]
C  [ntdll.dll+0x526a1]


---------------  P R O C E S S  ---------------

Threads class SMR info:
_java_thread_list=0x0000023c83f98aa0, length=84, elements={
0x0000023ce0c014c0, 0x0000023ce0cc5360, 0x0000023ce0cc5e20, 0x0000023ce0cd6e30,
0x0000023ce0cd9700, 0x0000023ce0cd9fc0, 0x0000023ce0cda880, 0x0000023cfd1afa10,
0x0000023cfd1b23e0, 0x0000023cfd219c60, 0x0000023cfdc5b980, 0x0000023cfdc62e80,
0x0000023cfe493df0, 0x0000023cfe744080, 0x0000023cfdc840f0, 0x0000023cfe07c440,
0x0000023cfe677d90, 0x0000023cfe8a3980, 0x0000023cfe8a3030, 0x0000023cfec03440,
0x0000023cfec03910, 0x0000023cfec03de0, 0x0000023cfec042b0, 0x0000023cfec06460,
0x0000023cfec04780, 0x0000023cfec02f70, 0x0000023cfec04c50, 0x0000023cfec05120,
0x0000023cfec055f0, 0x0000023c8178ea50, 0x0000023c8178d240, 0x0000023c81788540,
0x0000023c8178c3d0, 0x0000023c8178d710, 0x0000023c81788a10, 0x0000023c8178e580,
0x0000023c8178f3f0, 0x0000023c8178cd70, 0x0000023c81788ee0, 0x0000023c817893b0,
0x0000023c8178b090, 0x0000023cfec05f90, 0x0000023cff46a920, 0x0000023cff46cad0,
0x0000023cff466a90, 0x0000023cff4695e0, 0x0000023cff46adf0, 0x0000023cff46b2c0,
0x0000023cff46bc60, 0x0000023cff465750, 0x0000023cff4660f0, 0x0000023cff4665c0,
0x0000023cff469110, 0x0000023cff469ab0, 0x0000023cff46c600, 0x0000023cff46b790,
0x0000023cff466f60, 0x0000023cff467900, 0x0000023cff465c20, 0x0000023cff467430,
0x0000023cff465280, 0x0000023cff469f80, 0x0000023cff4682a0, 0x0000023cff46a450,
0x0000023cff468c40, 0x0000023cff467dd0, 0x0000023cff468770, 0x0000023cff46c130,
0x0000023c81359ca0, 0x0000023c8135a170, 0x0000023c81355940, 0x0000023c8135b980,
0x0000023c81354fa0, 0x0000023c81357af0, 0x0000023c81355470, 0x0000023c8135afe0,
0x0000023c8135a640, 0x0000023c81358e30, 0x0000023c813597d0, 0x0000023c8178a6f0,
0x0000023c8178ba30, 0x0000023cfec05ac0, 0x0000023c8135c7f0, 0x0000023c82139790
}

Java Threads: ( => current thread )
  0x0000023ce0c014c0 JavaThread "main" [_thread_blocked, id=7072, stack(0x000000d204c00000,0x000000d204d00000)]
  0x0000023ce0cc5360 JavaThread "Reference Handler" daemon [_thread_blocked, id=6860, stack(0x000000d205300000,0x000000d205400000)]
  0x0000023ce0cc5e20 JavaThread "Finalizer" daemon [_thread_blocked, id=11068, stack(0x000000d205400000,0x000000d205500000)]
  0x0000023ce0cd6e30 JavaThread "Signal Dispatcher" daemon [_thread_blocked, id=8208, stack(0x000000d205500000,0x000000d205600000)]
  0x0000023ce0cd9700 JavaThread "Attach Listener" daemon [_thread_blocked, id=8872, stack(0x000000d205600000,0x000000d205700000)]
  0x0000023ce0cd9fc0 JavaThread "Service Thread" daemon [_thread_blocked, id=11028, stack(0x000000d205700000,0x000000d205800000)]
  0x0000023ce0cda880 JavaThread "Monitor Deflation Thread" daemon [_thread_blocked, id=10712, stack(0x000000d205800000,0x000000d205900000)]
  0x0000023cfd1afa10 JavaThread "C2 CompilerThread0" daemon [_thread_in_native, id=10052, stack(0x000000d205900000,0x000000d205a00000)]
  0x0000023cfd1b23e0 JavaThread "C1 CompilerThread0" daemon [_thread_blocked, id=10612, stack(0x000000d205a00000,0x000000d205b00000)]
  0x0000023cfd219c60 JavaThread "Sweeper thread" daemon [_thread_blocked, id=9304, stack(0x000000d205b00000,0x000000d205c00000)]
  0x0000023cfdc5b980 JavaThread "Common-Cleaner" daemon [_thread_blocked, id=8768, stack(0x000000d205c00000,0x000000d205d00000)]
  0x0000023cfdc62e80 JavaThread "Notification Thread" daemon [_thread_blocked, id=10416, stack(0x000000d205d00000,0x000000d205e00000)]
  0x0000023cfe493df0 JavaThread "Daemon health stats" [_thread_blocked, id=5644, stack(0x000000d206200000,0x000000d206300000)]
  0x0000023cfe744080 JavaThread "Incoming local TCP Connector on port 58067" [_thread_in_native, id=8096, stack(0x000000d206300000,0x000000d206400000)]
  0x0000023cfdc840f0 JavaThread "Daemon periodic checks" [_thread_blocked, id=4968, stack(0x000000d206400000,0x000000d206500000)]
  0x0000023cfe07c440 JavaThread "Daemon" [_thread_blocked, id=244, stack(0x000000d206500000,0x000000d206600000)]
  0x0000023cfe677d90 JavaThread "Handler for socket connection from /127.0.0.1:58067 to /127.0.0.1:58068" [_thread_in_native, id=5280, stack(0x000000d206600000,0x000000d206700000)]
  0x0000023cfe8a3980 JavaThread "Cancel handler" [_thread_blocked, id=10676, stack(0x000000d206700000,0x000000d206800000)]
  0x0000023cfe8a3030 JavaThread "Daemon worker" [_thread_in_vm, id=10564, stack(0x000000d206800000,0x000000d206900000)]
  0x0000023cfec03440 JavaThread "Asynchronous log dispatcher for DefaultDaemonConnection: socket connection from /127.0.0.1:58067 to /127.0.0.1:58068" [_thread_blocked, id=6920, stack(0x000000d206900000,0x000000d206a00000)]
  0x0000023cfec03910 JavaThread "Daemon client event forwarder" [_thread_blocked, id=9328, stack(0x000000d206b00000,0x000000d206c00000)]
  0x0000023cfec03de0 JavaThread "Cache worker for journal cache (C:\Users\Evian\.gradle\caches\journal-1)" [_thread_blocked, id=9724, stack(0x000000d206c00000,0x000000d206d00000)]
  0x0000023cfec042b0 JavaThread "File lock request listener" [_thread_in_native, id=6680, stack(0x000000d206d00000,0x000000d206e00000)]
  0x0000023cfec06460 JavaThread "Cache worker for file hash cache (C:\Users\Evian\.gradle\caches\7.4\fileHashes)" [_thread_blocked, id=344, stack(0x000000d206e00000,0x000000d206f00000)]
  0x0000023cfec04780 JavaThread "File watcher server" daemon [_thread_in_native, id=7804, stack(0x000000d206f00000,0x000000d207000000)]
  0x0000023cfec02f70 JavaThread "File watcher consumer" daemon [_thread_blocked, id=2088, stack(0x000000d207000000,0x000000d207100000)]
  0x0000023cfec04c50 JavaThread "jar transforms" [_thread_blocked, id=6572, stack(0x000000d207100000,0x000000d207200000)]
  0x0000023cfec05120 JavaThread "jar transforms Thread 2" [_thread_blocked, id=8288, stack(0x000000d207200000,0x000000d207300000)]
  0x0000023cfec055f0 JavaThread "Cache worker for checksums cache (C:\Users\Evian\Documents\project android\news_app_2010020017\android\.gradle\7.4\checksums)" [_thread_blocked, id=10396, stack(0x000000d207500000,0x000000d207600000)]
  0x0000023c8178ea50 JavaThread "Cache worker for file hash cache (C:\Users\Evian\Documents\project android\news_app_2010020017\android\.gradle\7.4\fileHashes)" [_thread_blocked, id=7752, stack(0x000000d204b00000,0x000000d204c00000)]
  0x0000023c8178d240 JavaThread "Cache worker for execution history cache (C:\Users\Evian\.gradle\caches\7.4\executionHistory)" [_thread_blocked, id=9460, stack(0x000000d207800000,0x000000d207900000)]
  0x0000023c81788540 JavaThread "jar transforms Thread 3" [_thread_blocked, id=6696, stack(0x000000d207a00000,0x000000d207b00000)]
  0x0000023c8178c3d0 JavaThread "jar transforms Thread 4" [_thread_blocked, id=8244, stack(0x000000d207b00000,0x000000d207c00000)]
  0x0000023c8178d710 JavaThread "Cache worker for file content cache (C:\Users\Evian\.gradle\caches\7.4\fileContent)" [_thread_blocked, id=3452, stack(0x000000d207e00000,0x000000d207f00000)]
  0x0000023c81788a10 JavaThread "Cache worker for dependencies-accessors (C:\Users\Evian\Documents\project android\news_app_2010020017\android\.gradle\7.4\dependencies-accessors)" [_thread_blocked, id=10440, stack(0x000000d204900000,0x000000d204a00000)]
  0x0000023c8178e580 JavaThread "Unconstrained build operations" [_thread_blocked, id=8912, stack(0x000000d204a00000,0x000000d204b00000)]
  0x0000023c8178f3f0 JavaThread "Unconstrained build operations Thread 2" [_thread_blocked, id=2160, stack(0x000000d207d00000,0x000000d207e00000)]
  0x0000023c8178cd70 JavaThread "Unconstrained build operations Thread 3" [_thread_blocked, id=5576, stack(0x000000d207f00000,0x000000d208000000)]
  0x0000023c81788ee0 JavaThread "Unconstrained build operations Thread 4" [_thread_blocked, id=10848, stack(0x000000d208000000,0x000000d208100000)]
  0x0000023c817893b0 JavaThread "Unconstrained build operations Thread 5" [_thread_blocked, id=4792, stack(0x000000d208100000,0x000000d208200000)]
  0x0000023c8178b090 JavaThread "Unconstrained build operations Thread 6" [_thread_blocked, id=5768, stack(0x000000d208200000,0x000000d208300000)]
  0x0000023cfec05f90 JavaThread "Unconstrained build operations Thread 7" [_thread_blocked, id=4072, stack(0x000000d208300000,0x000000d208400000)]
  0x0000023cff46a920 JavaThread "Unconstrained build operations Thread 8" [_thread_blocked, id=7144, stack(0x000000d208400000,0x000000d208500000)]
  0x0000023cff46cad0 JavaThread "Unconstrained build operations Thread 9" [_thread_blocked, id=5340, stack(0x000000d208500000,0x000000d208600000)]
  0x0000023cff466a90 JavaThread "Unconstrained build operations Thread 10" [_thread_blocked, id=10828, stack(0x000000d208600000,0x000000d208700000)]
  0x0000023cff4695e0 JavaThread "Unconstrained build operations Thread 11" [_thread_blocked, id=3584, stack(0x000000d208700000,0x000000d208800000)]
  0x0000023cff46adf0 JavaThread "Unconstrained build operations Thread 12" [_thread_blocked, id=4692, stack(0x000000d208800000,0x000000d208900000)]
  0x0000023cff46b2c0 JavaThread "Unconstrained build operations Thread 13" [_thread_blocked, id=8320, stack(0x000000d208900000,0x000000d208a00000)]
  0x0000023cff46bc60 JavaThread "Unconstrained build operations Thread 14" [_thread_blocked, id=10144, stack(0x000000d208a00000,0x000000d208b00000)]
  0x0000023cff465750 JavaThread "Unconstrained build operations Thread 15" [_thread_blocked, id=5904, stack(0x000000d208b00000,0x000000d208c00000)]
  0x0000023cff4660f0 JavaThread "Unconstrained build operations Thread 16" [_thread_blocked, id=2188, stack(0x000000d208c00000,0x000000d208d00000)]
  0x0000023cff4665c0 JavaThread "Unconstrained build operations Thread 17" [_thread_blocked, id=3516, stack(0x000000d208d00000,0x000000d208e00000)]
  0x0000023cff469110 JavaThread "Unconstrained build operations Thread 18" [_thread_blocked, id=10136, stack(0x000000d208e00000,0x000000d208f00000)]
  0x0000023cff469ab0 JavaThread "Unconstrained build operations Thread 19" [_thread_blocked, id=11004, stack(0x000000d208f00000,0x000000d209000000)]
  0x0000023cff46c600 JavaThread "Unconstrained build operations Thread 20" [_thread_blocked, id=432, stack(0x000000d209000000,0x000000d209100000)]
  0x0000023cff46b790 JavaThread "Unconstrained build operations Thread 21" [_thread_blocked, id=3768, stack(0x000000d209100000,0x000000d209200000)]
  0x0000023cff466f60 JavaThread "Unconstrained build operations Thread 22" [_thread_blocked, id=3928, stack(0x000000d209200000,0x000000d209300000)]
  0x0000023cff467900 JavaThread "Unconstrained build operations Thread 23" [_thread_blocked, id=2024, stack(0x000000d209300000,0x000000d209400000)]
  0x0000023cff465c20 JavaThread "Unconstrained build operations Thread 24" [_thread_blocked, id=3020, stack(0x000000d209400000,0x000000d209500000)]
  0x0000023cff467430 JavaThread "Unconstrained build operations Thread 25" [_thread_blocked, id=3848, stack(0x000000d209500000,0x000000d209600000)]
  0x0000023cff465280 JavaThread "Unconstrained build operations Thread 26" [_thread_blocked, id=8952, stack(0x000000d209600000,0x000000d209700000)]
  0x0000023cff469f80 JavaThread "Unconstrained build operations Thread 27" [_thread_blocked, id=9952, stack(0x000000d209700000,0x000000d209800000)]
  0x0000023cff4682a0 JavaThread "Unconstrained build operations Thread 28" [_thread_blocked, id=2180, stack(0x000000d209800000,0x000000d209900000)]
  0x0000023cff46a450 JavaThread "Unconstrained build operations Thread 29" [_thread_blocked, id=9688, stack(0x000000d209900000,0x000000d209a00000)]
  0x0000023cff468c40 JavaThread "Unconstrained build operations Thread 30" [_thread_blocked, id=6356, stack(0x000000d209a00000,0x000000d209b00000)]
  0x0000023cff467dd0 JavaThread "Unconstrained build operations Thread 31" [_thread_blocked, id=5284, stack(0x000000d209b00000,0x000000d209c00000)]
  0x0000023cff468770 JavaThread "Unconstrained build operations Thread 32" [_thread_blocked, id=9236, stack(0x000000d209c00000,0x000000d209d00000)]
  0x0000023cff46c130 JavaThread "Unconstrained build operations Thread 33" [_thread_blocked, id=10940, stack(0x000000d209d00000,0x000000d209e00000)]
  0x0000023c81359ca0 JavaThread "Unconstrained build operations Thread 34" [_thread_blocked, id=3536, stack(0x000000d209e00000,0x000000d209f00000)]
  0x0000023c8135a170 JavaThread "Unconstrained build operations Thread 35" [_thread_blocked, id=1788, stack(0x000000d209f00000,0x000000d20a000000)]
  0x0000023c81355940 JavaThread "Unconstrained build operations Thread 36" [_thread_blocked, id=1056, stack(0x000000d20a000000,0x000000d20a100000)]
  0x0000023c8135b980 JavaThread "Unconstrained build operations Thread 37" [_thread_blocked, id=3168, stack(0x000000d20a100000,0x000000d20a200000)]
  0x0000023c81354fa0 JavaThread "Unconstrained build operations Thread 38" [_thread_blocked, id=636, stack(0x000000d20a200000,0x000000d20a300000)]
  0x0000023c81357af0 JavaThread "Unconstrained build operations Thread 39" [_thread_blocked, id=10384, stack(0x000000d20a300000,0x000000d20a400000)]
  0x0000023c81355470 JavaThread "Unconstrained build operations Thread 40" [_thread_blocked, id=9764, stack(0x000000d20a400000,0x000000d20a500000)]
  0x0000023c8135afe0 JavaThread "Memory manager" [_thread_blocked, id=9452, stack(0x000000d20a500000,0x000000d20a600000)]
  0x0000023c8135a640 JavaThread "pool-3-thread-1" [_thread_blocked, id=8704, stack(0x000000d20a600000,0x000000d20a700000)]
  0x0000023c81358e30 JavaThread "included builds" [_thread_blocked, id=3476, stack(0x000000d20a700000,0x000000d20a800000)]
  0x0000023c813597d0 JavaThread "Exec process" [_thread_blocked, id=3748, stack(0x000000d20a900000,0x000000d20aa00000)]
  0x0000023c8178a6f0 JavaThread "Exec process Thread 2" [_thread_blocked, id=4720, stack(0x000000d20aa00000,0x000000d20ab00000)]
  0x0000023c8178ba30 JavaThread "Exec process Thread 3" [_thread_blocked, id=10960, stack(0x000000d20ac00000,0x000000d20ad00000)]
  0x0000023cfec05ac0 JavaThread "File lock release action executor Thread 2" [_thread_blocked, id=756, stack(0x000000d20a800000,0x000000d20a900000)]
  0x0000023c8135c7f0 JavaThread "pool-2-thread-1" [_thread_in_native, id=5364, stack(0x000000d207900000,0x000000d207a00000)]
=>0x0000023c82139790 JavaThread "C2 CompilerThread1" daemon [_thread_in_native, id=528, stack(0x000000d20ad00000,0x000000d20ae00000)]

Other Threads:
  0x0000023ce0cbd0e0 VMThread "VM Thread" [stack: 0x000000d205200000,0x000000d205300000] [id=2992]
  0x0000023cfd1acdf0 WatcherThread [stack: 0x000000d205e00000,0x000000d205f00000] [id=9420]
  0x0000023ce0c38010 GCTaskThread "GC Thread#0" [stack: 0x000000d204d00000,0x000000d204e00000] [id=6856]
  0x0000023cfdce8ce0 GCTaskThread "GC Thread#1" [stack: 0x000000d205f00000,0x000000d206000000] [id=9664]
  0x0000023cfdce95a0 GCTaskThread "GC Thread#2" [stack: 0x000000d206000000,0x000000d206100000] [id=10224]
  0x0000023cfdd9a940 GCTaskThread "GC Thread#3" [stack: 0x000000d206100000,0x000000d206200000] [id=2980]
  0x0000023ce0c45d10 ConcurrentGCThread "G1 Main Marker" [stack: 0x000000d204e00000,0x000000d204f00000] [id=9448]
  0x0000023ce0c464d0 ConcurrentGCThread "G1 Conc#0" [stack: 0x000000d204f00000,0x000000d205000000] [id=2320]
  0x0000023ce0c94ae0 ConcurrentGCThread "G1 Refine#0" [stack: 0x000000d205000000,0x000000d205100000] [id=6684]
  0x0000023cfec21690 ConcurrentGCThread "G1 Refine#1" [stack: 0x000000d207c00000,0x000000d207d00000] [id=6148]
  0x0000023ce0c952b0 ConcurrentGCThread "G1 Service" [stack: 0x000000d205100000,0x000000d205200000] [id=5900]

Threads with active compile tasks:
C2 CompilerThread0   194521 10396       4       org.gradle.internal.instantiation.generator.AbstractClassGenerator$GeneratedClassImpl$GeneratedConstructorImpl::newInstance (15 bytes)
C1 CompilerThread0   194521 10483       3       jdk.internal.reflect.AccessorGenerator::emitMethod (276 bytes)
C2 CompilerThread1   194521 10394   !   4       org.gradle.internal.instantiation.generator.DependencyInjectingInstantiator::doCreate (64 bytes)

VM state: not at safepoint (normal execution)

VM Mutex/Monitor currently owned by a thread: None

Heap address: 0x00000000a0000000, size: 1536 MB, Compressed Oops mode: 32-bit

CDS archive(s) mapped at: [0x0000000800000000-0x0000000800bc0000-0x0000000800bc0000), size 12320768, SharedBaseAddress: 0x0000000800000000, ArchiveRelocationMode: 0.
Compressed class space mapped at: 0x0000000800c00000-0x0000000840c00000, reserved size: 1073741824
Narrow klass base: 0x0000000800000000, Narrow klass shift: 0, Narrow klass range: 0x100000000

GC Precious Log:
 CPUs: 4 total, 4 available
 Memory: 5084M
 Large Page Support: Disabled
 NUMA Support: Disabled
 Compressed Oops: Enabled (32-bit)
 Heap Region Size: 1M
 Heap Min Capacity: 8M
 Heap Initial Capacity: 80M
 Heap Max Capacity: 1536M
 Pre-touch: Disabled
 Parallel Workers: 4
 Concurrent Workers: 1
 Concurrent Refinement Workers: 4
 Periodic GC: Disabled

Heap:
 garbage-first heap   total 138240K, used 97838K [0x00000000a0000000, 0x0000000100000000)
  region size 1024K, 5 young (5120K), 3 survivors (3072K)
 Metaspace       used 82318K, committed 83136K, reserved 1122304K
  class space    used 11224K, committed 11584K, reserved 1048576K

Heap Regions: E=young(eden), S=young(survivor), O=old, HS=humongous(starts), HC=humongous(continues), CS=collection set, F=free, OA=open archive, CA=closed archive, TAMS=top-at-mark-start (previous, next)
|   0|0x00000000a0000000, 0x00000000a0100000, 0x00000000a0100000|100%|HS|  |TAMS 0x00000000a0100000, 0x00000000a0000000| Complete 
|   1|0x00000000a0100000, 0x00000000a0200000, 0x00000000a0200000|100%|HC|  |TAMS 0x00000000a0200000, 0x00000000a0100000| Complete 
|   2|0x00000000a0200000, 0x00000000a0300000, 0x00000000a0300000|100%|HC|  |TAMS 0x00000000a0300000, 0x00000000a0200000| Complete 
|   3|0x00000000a0300000, 0x00000000a0400000, 0x00000000a0400000|100%| O|  |TAMS 0x00000000a0400000, 0x00000000a0300000| Untracked 
|   4|0x00000000a0400000, 0x00000000a0500000, 0x00000000a0500000|100%| O|  |TAMS 0x00000000a0500000, 0x00000000a0400000| Untracked 
|   5|0x00000000a0500000, 0x00000000a0600000, 0x00000000a0600000|100%| O|  |TAMS 0x00000000a0600000, 0x00000000a0500000| Untracked 
|   6|0x00000000a0600000, 0x00000000a0700000, 0x00000000a0700000|100%| O|  |TAMS 0x00000000a0700000, 0x00000000a0600000| Untracked 
|   7|0x00000000a0700000, 0x00000000a0800000, 0x00000000a0800000|100%| O|  |TAMS 0x00000000a0800000, 0x00000000a0700000| Untracked 
|   8|0x00000000a0800000, 0x00000000a0900000, 0x00000000a0900000|100%| O|  |TAMS 0x00000000a0900000, 0x00000000a0800000| Untracked 
|   9|0x00000000a0900000, 0x00000000a0a00000, 0x00000000a0a00000|100%| O|  |TAMS 0x00000000a0a00000, 0x00000000a0900000| Untracked 
|  10|0x00000000a0a00000, 0x00000000a0b00000, 0x00000000a0b00000|100%| O|  |TAMS 0x00000000a0b00000, 0x00000000a0a00000| Untracked 
|  11|0x00000000a0b00000, 0x00000000a0c00000, 0x00000000a0c00000|100%| O|  |TAMS 0x00000000a0c00000, 0x00000000a0b00000| Untracked 
|  12|0x00000000a0c00000, 0x00000000a0d00000, 0x00000000a0d00000|100%| O|  |TAMS 0x00000000a0d00000, 0x00000000a0c00000| Untracked 
|  13|0x00000000a0d00000, 0x00000000a0e00000, 0x00000000a0e00000|100%| O|  |TAMS 0x00000000a0e00000, 0x00000000a0d00000| Untracked 
|  14|0x00000000a0e00000, 0x00000000a0f00000, 0x00000000a0f00000|100%| O|  |TAMS 0x00000000a0f00000, 0x00000000a0e00000| Untracked 
|  15|0x00000000a0f00000, 0x00000000a1000000, 0x00000000a1000000|100%| O|  |TAMS 0x00000000a1000000, 0x00000000a0f00000| Untracked 
|  16|0x00000000a1000000, 0x00000000a1100000, 0x00000000a1100000|100%| O|  |TAMS 0x00000000a1100000, 0x00000000a1000000| Untracked 
|  17|0x00000000a1100000, 0x00000000a1200000, 0x00000000a1200000|100%| O|  |TAMS 0x00000000a1200000, 0x00000000a1100000| Untracked 
|  18|0x00000000a1200000, 0x00000000a1300000, 0x00000000a1300000|100%| O|  |TAMS 0x00000000a1300000, 0x00000000a1200000| Untracked 
|  19|0x00000000a1300000, 0x00000000a1400000, 0x00000000a1400000|100%| O|  |TAMS 0x00000000a1400000, 0x00000000a1300000| Untracked 
|  20|0x00000000a1400000, 0x00000000a1500000, 0x00000000a1500000|100%| O|  |TAMS 0x00000000a1500000, 0x00000000a1400000| Untracked 
|  21|0x00000000a1500000, 0x00000000a1600000, 0x00000000a1600000|100%| O|  |TAMS 0x00000000a1600000, 0x00000000a1500000| Untracked 
|  22|0x00000000a1600000, 0x00000000a1700000, 0x00000000a1700000|100%| O|  |TAMS 0x00000000a1600000, 0x00000000a1600000| Untracked 
|  23|0x00000000a1700000, 0x00000000a1800000, 0x00000000a1800000|100%| O|  |TAMS 0x00000000a1800000, 0x00000000a1700000| Untracked 
|  24|0x00000000a1800000, 0x00000000a1900000, 0x00000000a1900000|100%| O|  |TAMS 0x00000000a1900000, 0x00000000a1800000| Untracked 
|  25|0x00000000a1900000, 0x00000000a1a00000, 0x00000000a1a00000|100%| O|  |TAMS 0x00000000a1a00000, 0x00000000a1900000| Untracked 
|  26|0x00000000a1a00000, 0x00000000a1b00000, 0x00000000a1b00000|100%| O|  |TAMS 0x00000000a1b00000, 0x00000000a1a00000| Untracked 
|  27|0x00000000a1b00000, 0x00000000a1c00000, 0x00000000a1c00000|100%| O|  |TAMS 0x00000000a1c00000, 0x00000000a1b00000| Untracked 
|  28|0x00000000a1c00000, 0x00000000a1d00000, 0x00000000a1d00000|100%| O|  |TAMS 0x00000000a1d00000, 0x00000000a1c00000| Untracked 
|  29|0x00000000a1d00000, 0x00000000a1e00000, 0x00000000a1e00000|100%| O|  |TAMS 0x00000000a1e00000, 0x00000000a1d00000| Untracked 
|  30|0x00000000a1e00000, 0x00000000a1f00000, 0x00000000a1f00000|100%| O|  |TAMS 0x00000000a1f00000, 0x00000000a1e00000| Untracked 
|  31|0x00000000a1f00000, 0x00000000a2000000, 0x00000000a2000000|100%| O|  |TAMS 0x00000000a2000000, 0x00000000a1f00000| Untracked 
|  32|0x00000000a2000000, 0x00000000a2100000, 0x00000000a2100000|100%| O|  |TAMS 0x00000000a2100000, 0x00000000a2000000| Untracked 
|  33|0x00000000a2100000, 0x00000000a2200000, 0x00000000a2200000|100%| O|  |TAMS 0x00000000a2200000, 0x00000000a2100000| Untracked 
|  34|0x00000000a2200000, 0x00000000a2300000, 0x00000000a2300000|100%|HS|  |TAMS 0x00000000a2300000, 0x00000000a2200000| Complete 
|  35|0x00000000a2300000, 0x00000000a2400000, 0x00000000a2400000|100%|HS|  |TAMS 0x00000000a2400000, 0x00000000a2300000| Complete 
|  36|0x00000000a2400000, 0x00000000a2500000, 0x00000000a2500000|100%| O|  |TAMS 0x00000000a2500000, 0x00000000a2400000| Untracked 
|  37|0x00000000a2500000, 0x00000000a2600000, 0x00000000a2600000|100%| O|  |TAMS 0x00000000a2600000, 0x00000000a2500000| Untracked 
|  38|0x00000000a2600000, 0x00000000a2700000, 0x00000000a2700000|100%| O|  |TAMS 0x00000000a2700000, 0x00000000a2600000| Untracked 
|  39|0x00000000a2700000, 0x00000000a2800000, 0x00000000a2800000|100%|HS|  |TAMS 0x00000000a2800000, 0x00000000a2700000| Complete 
|  40|0x00000000a2800000, 0x00000000a2900000, 0x00000000a2900000|100%|HS|  |TAMS 0x00000000a2900000, 0x00000000a2800000| Complete 
|  41|0x00000000a2900000, 0x00000000a2a00000, 0x00000000a2a00000|100%|HS|  |TAMS 0x00000000a2a00000, 0x00000000a2900000| Complete 
|  42|0x00000000a2a00000, 0x00000000a2b00000, 0x00000000a2b00000|100%|HC|  |TAMS 0x00000000a2b00000, 0x00000000a2a00000| Complete 
|  43|0x00000000a2b00000, 0x00000000a2c00000, 0x00000000a2c00000|100%|HC|  |TAMS 0x00000000a2c00000, 0x00000000a2b00000| Complete 
|  44|0x00000000a2c00000, 0x00000000a2d00000, 0x00000000a2d00000|100%| O|  |TAMS 0x00000000a2d00000, 0x00000000a2c00000| Untracked 
|  45|0x00000000a2d00000, 0x00000000a2e00000, 0x00000000a2e00000|100%| O|  |TAMS 0x00000000a2e00000, 0x00000000a2d00000| Untracked 
|  46|0x00000000a2e00000, 0x00000000a2f00000, 0x00000000a2f00000|100%| O|  |TAMS 0x00000000a2f00000, 0x00000000a2e00000| Untracked 
|  47|0x00000000a2f00000, 0x00000000a3000000, 0x00000000a3000000|100%| O|  |TAMS 0x00000000a3000000, 0x00000000a2f00000| Untracked 
|  48|0x00000000a3000000, 0x00000000a3100000, 0x00000000a3100000|100%|HS|  |TAMS 0x00000000a3100000, 0x00000000a3000000| Complete 
|  49|0x00000000a3100000, 0x00000000a3200000, 0x00000000a3200000|100%|HC|  |TAMS 0x00000000a3200000, 0x00000000a3100000| Complete 
|  50|0x00000000a3200000, 0x00000000a3300000, 0x00000000a3300000|100%| O|  |TAMS 0x00000000a3200000, 0x00000000a3200000| Untracked 
|  51|0x00000000a3300000, 0x00000000a3400000, 0x00000000a3400000|100%| O|  |TAMS 0x00000000a3400000, 0x00000000a3300000| Untracked 
|  52|0x00000000a3400000, 0x00000000a3500000, 0x00000000a3500000|100%| O|  |TAMS 0x00000000a3500000, 0x00000000a3400000| Untracked 
|  53|0x00000000a3500000, 0x00000000a3600000, 0x00000000a3600000|100%| O|  |TAMS 0x00000000a3600000, 0x00000000a3500000| Untracked 
|  54|0x00000000a3600000, 0x00000000a3700000, 0x00000000a3700000|100%| O|  |TAMS 0x00000000a3700000, 0x00000000a3600000| Untracked 
|  55|0x00000000a3700000, 0x00000000a3800000, 0x00000000a3800000|100%| O|  |TAMS 0x00000000a3800000, 0x00000000a3700000| Untracked 
|  56|0x00000000a3800000, 0x00000000a3900000, 0x00000000a3900000|100%| O|  |TAMS 0x00000000a3900000, 0x00000000a3800000| Untracked 
|  57|0x00000000a3900000, 0x00000000a3a00000, 0x00000000a3a00000|100%| O|  |TAMS 0x00000000a3a00000, 0x00000000a3900000| Untracked 
|  58|0x00000000a3a00000, 0x00000000a3b00000, 0x00000000a3b00000|100%| O|  |TAMS 0x00000000a3b00000, 0x00000000a3a00000| Untracked 
|  59|0x00000000a3b00000, 0x00000000a3c00000, 0x00000000a3c00000|100%| O|  |TAMS 0x00000000a3c00000, 0x00000000a3b00000| Untracked 
|  60|0x00000000a3c00000, 0x00000000a3d00000, 0x00000000a3d00000|100%|HS|  |TAMS 0x00000000a3d00000, 0x00000000a3c00000| Complete 
|  61|0x00000000a3d00000, 0x00000000a3e00000, 0x00000000a3e00000|100%| O|  |TAMS 0x00000000a3e00000, 0x00000000a3d00000| Untracked 
|  62|0x00000000a3e00000, 0x00000000a3f00000, 0x00000000a3f00000|100%|HS|  |TAMS 0x00000000a3f00000, 0x00000000a3e00000| Complete 
|  63|0x00000000a3f00000, 0x00000000a4000000, 0x00000000a4000000|100%|HC|  |TAMS 0x00000000a4000000, 0x00000000a3f00000| Complete 
|  64|0x00000000a4000000, 0x00000000a4100000, 0x00000000a4100000|100%| O|  |TAMS 0x00000000a4100000, 0x00000000a4000000| Untracked 
|  65|0x00000000a4100000, 0x00000000a4200000, 0x00000000a4200000|100%| O|  |TAMS 0x00000000a4200000, 0x00000000a4100000| Untracked 
|  66|0x00000000a4200000, 0x00000000a4300000, 0x00000000a4300000|100%| O|  |TAMS 0x00000000a4300000, 0x00000000a4200000| Untracked 
|  67|0x00000000a4300000, 0x00000000a4400000, 0x00000000a4400000|100%| O|  |TAMS 0x00000000a4400000, 0x00000000a4300000| Untracked 
|  68|0x00000000a4400000, 0x00000000a4500000, 0x00000000a4500000|100%| O|  |TAMS 0x00000000a4500000, 0x00000000a4400000| Untracked 
|  69|0x00000000a4500000, 0x00000000a4600000, 0x00000000a4600000|100%| O|  |TAMS 0x00000000a4600000, 0x00000000a4500000| Untracked 
|  70|0x00000000a4600000, 0x00000000a4700000, 0x00000000a4700000|100%| O|  |TAMS 0x00000000a4700000, 0x00000000a4600000| Untracked 
|  71|0x00000000a4700000, 0x00000000a4800000, 0x00000000a4800000|100%| O|  |TAMS 0x00000000a4800000, 0x00000000a4700000| Untracked 
|  72|0x00000000a4800000, 0x00000000a4900000, 0x00000000a4900000|100%| O|  |TAMS 0x00000000a4900000, 0x00000000a4800000| Untracked 
|  73|0x00000000a4900000, 0x00000000a4a00000, 0x00000000a4a00000|100%| O|  |TAMS 0x00000000a4a00000, 0x00000000a4900000| Untracked 
|  74|0x00000000a4a00000, 0x00000000a4b00000, 0x00000000a4b00000|100%| O|  |TAMS 0x00000000a4b00000, 0x00000000a4a00000| Untracked 
|  75|0x00000000a4b00000, 0x00000000a4c00000, 0x00000000a4c00000|100%| O|  |TAMS 0x00000000a4c00000, 0x00000000a4b00000| Untracked 
|  76|0x00000000a4c00000, 0x00000000a4d00000, 0x00000000a4d00000|100%| O|  |TAMS 0x00000000a4c97200, 0x00000000a4c00000| Untracked 
|  77|0x00000000a4d00000, 0x00000000a4e00000, 0x00000000a4e00000|100%| O|  |TAMS 0x00000000a4d00000, 0x00000000a4d00000| Untracked 
|  78|0x00000000a4e00000, 0x00000000a4f00000, 0x00000000a4f00000|100%| O|  |TAMS 0x00000000a4e00000, 0x00000000a4e00000| Untracked 
|  79|0x00000000a4f00000, 0x00000000a5000000, 0x00000000a5000000|100%| O|  |TAMS 0x00000000a4f00000, 0x00000000a4f00000| Untracked 
|  80|0x00000000a5000000, 0x00000000a5100000, 0x00000000a5100000|100%| O|  |TAMS 0x00000000a5000000, 0x00000000a5000000| Untracked 
|  81|0x00000000a5100000, 0x00000000a5200000, 0x00000000a5200000|100%| O|  |TAMS 0x00000000a5100000, 0x00000000a5100000| Untracked 
|  82|0x00000000a5200000, 0x00000000a5300000, 0x00000000a5300000|100%| O|  |TAMS 0x00000000a5200000, 0x00000000a5200000| Untracked 
|  83|0x00000000a5300000, 0x00000000a5400000, 0x00000000a5400000|100%| O|  |TAMS 0x00000000a5300000, 0x00000000a5300000| Untracked 
|  84|0x00000000a5400000, 0x00000000a5500000, 0x00000000a5500000|100%| O|  |TAMS 0x00000000a5400000, 0x00000000a5400000| Untracked 
|  85|0x00000000a5500000, 0x00000000a5600000, 0x00000000a5600000|100%| O|  |TAMS 0x00000000a5500000, 0x00000000a5500000| Untracked 
|  86|0x00000000a5600000, 0x00000000a5700000, 0x00000000a5700000|100%| O|  |TAMS 0x00000000a5600000, 0x00000000a5600000| Untracked 
|  87|0x00000000a5700000, 0x00000000a5800000, 0x00000000a5800000|100%| O|  |TAMS 0x00000000a5700000, 0x00000000a5700000| Untracked 
|  88|0x00000000a5800000, 0x00000000a5900000, 0x00000000a5900000|100%| O|  |TAMS 0x00000000a5800000, 0x00000000a5800000| Untracked 
|  89|0x00000000a5900000, 0x00000000a5a00000, 0x00000000a5a00000|100%| O|  |TAMS 0x00000000a5900000, 0x00000000a5900000| Untracked 
|  90|0x00000000a5a00000, 0x00000000a5b00000, 0x00000000a5b00000|100%| O|  |TAMS 0x00000000a5a00000, 0x00000000a5a00000| Untracked 
|  91|0x00000000a5b00000, 0x00000000a5c00000, 0x00000000a5c00000|100%| O|  |TAMS 0x00000000a5b00000, 0x00000000a5b00000| Untracked 
|  92|0x00000000a5c00000, 0x00000000a5c25600, 0x00000000a5d00000| 14%| O|  |TAMS 0x00000000a5c00000, 0x00000000a5c00000| Untracked 
|  93|0x00000000a5d00000, 0x00000000a5d00000, 0x00000000a5e00000|  0%| F|  |TAMS 0x00000000a5d00000, 0x00000000a5d00000| Untracked 
|  94|0x00000000a5e00000, 0x00000000a5e00000, 0x00000000a5f00000|  0%| F|  |TAMS 0x00000000a5e00000, 0x00000000a5e00000| Untracked 
|  95|0x00000000a5f00000, 0x00000000a5f00000, 0x00000000a6000000|  0%| F|  |TAMS 0x00000000a5f00000, 0x00000000a5f00000| Untracked 
|  96|0x00000000a6000000, 0x00000000a6000000, 0x00000000a6100000|  0%| F|  |TAMS 0x00000000a6000000, 0x00000000a6000000| Untracked 
|  97|0x00000000a6100000, 0x00000000a6100000, 0x00000000a6200000|  0%| F|  |TAMS 0x00000000a6100000, 0x00000000a6100000| Untracked 
|  98|0x00000000a6200000, 0x00000000a6200000, 0x00000000a6300000|  0%| F|  |TAMS 0x00000000a6200000, 0x00000000a6200000| Untracked 
|  99|0x00000000a6300000, 0x00000000a6300000, 0x00000000a6400000|  0%| F|  |TAMS 0x00000000a6300000, 0x00000000a6300000| Untracked 
| 100|0x00000000a6400000, 0x00000000a6400000, 0x00000000a6500000|  0%| F|  |TAMS 0x00000000a6400000, 0x00000000a6400000| Untracked 
| 101|0x00000000a6500000, 0x00000000a6500000, 0x00000000a6600000|  0%| F|  |TAMS 0x00000000a6500000, 0x00000000a6500000| Untracked 
| 102|0x00000000a6600000, 0x00000000a6600000, 0x00000000a6700000|  0%| F|  |TAMS 0x00000000a6600000, 0x00000000a6600000| Untracked 
| 103|0x00000000a6700000, 0x00000000a6700000, 0x00000000a6800000|  0%| F|  |TAMS 0x00000000a6700000, 0x00000000a6700000| Untracked 
| 104|0x00000000a6800000, 0x00000000a6800000, 0x00000000a6900000|  0%| F|  |TAMS 0x00000000a6800000, 0x00000000a6800000| Untracked 
| 105|0x00000000a6900000, 0x00000000a6900000, 0x00000000a6a00000|  0%| F|  |TAMS 0x00000000a6900000, 0x00000000a6900000| Untracked 
| 106|0x00000000a6a00000, 0x00000000a6a00000, 0x00000000a6b00000|  0%| F|  |TAMS 0x00000000a6a00000, 0x00000000a6a00000| Untracked 
| 107|0x00000000a6b00000, 0x00000000a6b00000, 0x00000000a6c00000|  0%| F|  |TAMS 0x00000000a6b00000, 0x00000000a6b00000| Untracked 
| 108|0x00000000a6c00000, 0x00000000a6c00000, 0x00000000a6d00000|  0%| F|  |TAMS 0x00000000a6c00000, 0x00000000a6c00000| Untracked 
| 109|0x00000000a6d00000, 0x00000000a6d00000, 0x00000000a6e00000|  0%| F|  |TAMS 0x00000000a6d00000, 0x00000000a6d00000| Untracked 
| 110|0x00000000a6e00000, 0x00000000a6e665d0, 0x00000000a6f00000| 39%| S|CS|TAMS 0x00000000a6e00000, 0x00000000a6e00000| Complete 
| 111|0x00000000a6f00000, 0x00000000a6f00000, 0x00000000a7000000|  0%| F|  |TAMS 0x00000000a6f00000, 0x00000000a6f00000| Untracked 
| 112|0x00000000a7000000, 0x00000000a7000000, 0x00000000a7100000|  0%| F|  |TAMS 0x00000000a7000000, 0x00000000a7000000| Untracked 
| 113|0x00000000a7100000, 0x00000000a7200000, 0x00000000a7200000|100%| S|CS|TAMS 0x00000000a7100000, 0x00000000a7100000| Complete 
| 114|0x00000000a7200000, 0x00000000a7300000, 0x00000000a7300000|100%| S|CS|TAMS 0x00000000a7200000, 0x00000000a7200000| Complete 
| 115|0x00000000a7300000, 0x00000000a7300000, 0x00000000a7400000|  0%| F|  |TAMS 0x00000000a7300000, 0x00000000a7300000| Untracked 
| 116|0x00000000a7400000, 0x00000000a7400000, 0x00000000a7500000|  0%| F|  |TAMS 0x00000000a7400000, 0x00000000a7400000| Untracked 
| 117|0x00000000a7500000, 0x00000000a7500000, 0x00000000a7600000|  0%| F|  |TAMS 0x00000000a7500000, 0x00000000a7500000| Untracked 
| 118|0x00000000a7600000, 0x00000000a7600000, 0x00000000a7700000|  0%| F|  |TAMS 0x00000000a7600000, 0x00000000a7600000| Untracked 
| 119|0x00000000a7700000, 0x00000000a7700000, 0x00000000a7800000|  0%| F|  |TAMS 0x00000000a7700000, 0x00000000a7700000| Untracked 
| 120|0x00000000a7800000, 0x00000000a7800000, 0x00000000a7900000|  0%| F|  |TAMS 0x00000000a7800000, 0x00000000a7800000| Untracked 
| 121|0x00000000a7900000, 0x00000000a7900000, 0x00000000a7a00000|  0%| F|  |TAMS 0x00000000a7900000, 0x00000000a7900000| Untracked 
| 122|0x00000000a7a00000, 0x00000000a7a00000, 0x00000000a7b00000|  0%| F|  |TAMS 0x00000000a7a00000, 0x00000000a7a00000| Untracked 
| 123|0x00000000a7b00000, 0x00000000a7b00000, 0x00000000a7c00000|  0%| F|  |TAMS 0x00000000a7b00000, 0x00000000a7b00000| Untracked 
| 124|0x00000000a7c00000, 0x00000000a7c00000, 0x00000000a7d00000|  0%| F|  |TAMS 0x00000000a7c00000, 0x00000000a7c00000| Untracked 
| 125|0x00000000a7d00000, 0x00000000a7d00000, 0x00000000a7e00000|  0%| F|  |TAMS 0x00000000a7d00000, 0x00000000a7d00000| Untracked 
| 126|0x00000000a7e00000, 0x00000000a7e00000, 0x00000000a7f00000|  0%| F|  |TAMS 0x00000000a7e00000, 0x00000000a7e00000| Untracked 
| 127|0x00000000a7f00000, 0x00000000a7f00000, 0x00000000a8000000|  0%| F|  |TAMS 0x00000000a7f00000, 0x00000000a7f00000| Untracked 
| 128|0x00000000a8000000, 0x00000000a8000000, 0x00000000a8100000|  0%| F|  |TAMS 0x00000000a8000000, 0x00000000a8000000| Untracked 
| 129|0x00000000a8100000, 0x00000000a8100000, 0x00000000a8200000|  0%| F|  |TAMS 0x00000000a8100000, 0x00000000a8100000| Untracked 
| 130|0x00000000a8200000, 0x00000000a8200000, 0x00000000a8300000|  0%| F|  |TAMS 0x00000000a8200000, 0x00000000a8200000| Untracked 
| 131|0x00000000a8300000, 0x00000000a8300000, 0x00000000a8400000|  0%| F|  |TAMS 0x00000000a8300000, 0x00000000a8300000| Untracked 
| 132|0x00000000a8400000, 0x00000000a8400000, 0x00000000a8500000|  0%| F|  |TAMS 0x00000000a8400000, 0x00000000a8400000| Untracked 
| 133|0x00000000a8500000, 0x00000000a85c8cd0, 0x00000000a8600000| 78%| E|  |TAMS 0x00000000a8500000, 0x00000000a8500000| Complete 
| 134|0x00000000a8600000, 0x00000000a8700000, 0x00000000a8700000|100%| E|CS|TAMS 0x00000000a8600000, 0x00000000a8600000| Complete 

Card table byte_map: [0x0000023cf7760000,0x0000023cf7a60000] _byte_map_base: 0x0000023cf7260000

Marking Bits (Prev, Next): (CMBitMap*) 0x0000023ce0c39420, (CMBitMap*) 0x0000023ce0c393e0
 Prev Bits: [0x0000023cf9560000, 0x0000023cfad60000)
 Next Bits: [0x0000023cf7d60000, 0x0000023cf9560000)

Polling page: 0x0000023ce03e0000

Metaspace:

Usage:
  Non-class:     69.44 MB used.
      Class:     10.97 MB used.
       Both:     80.41 MB used.

Virtual space:
  Non-class space:       72.00 MB reserved,      69.88 MB ( 97%) committed,  9 nodes.
      Class space:        1.00 GB reserved,      11.31 MB (  1%) committed,  1 nodes.
             Both:        1.07 GB reserved,      81.19 MB (  7%) committed. 

Chunk freelists:
   Non-Class:  2.15 MB
       Class:  642.00 KB
        Both:  2.78 MB

MaxMetaspaceSize: unlimited
CompressedClassSpaceSize: 1.00 GB
Initial GC threshold: 21.00 MB
Current GC threshold: 109.38 MB
CDS: on
MetaspaceReclaimPolicy: balanced
 - commit_granule_bytes: 65536.
 - commit_granule_words: 8192.
 - virtual_space_node_default_size: 1048576.
 - enlarge_chunks_in_place: 1.
 - new_chunks_are_fully_committed: 0.
 - uncommit_free_chunks: 1.
 - use_allocation_guard: 0.
 - handle_deallocations: 1.


Internal statistics:

num_allocs_failed_limit: 6.
num_arena_births: 884.
num_arena_deaths: 0.
num_vsnodes_births: 10.
num_vsnodes_deaths: 0.
num_space_committed: 1299.
num_space_uncommitted: 0.
num_chunks_returned_to_freelist: 6.
num_chunks_taken_from_freelist: 4348.
num_chunk_merges: 3.
num_chunk_splits: 2806.
num_chunks_enlarged: 1792.
num_purges: 0.
num_inconsistent_stats: 0.

CodeHeap 'non-profiled nmethods': size=120000Kb used=6068Kb max_used=6070Kb free=113931Kb
 bounds [0x0000023ceff30000, 0x0000023cf0520000, 0x0000023cf7460000]
CodeHeap 'profiled nmethods': size=120000Kb used=18019Kb max_used=18027Kb free=101980Kb
 bounds [0x0000023ce8a00000, 0x0000023ce9ba0000, 0x0000023ceff30000]
CodeHeap 'non-nmethods': size=5760Kb used=2383Kb max_used=2431Kb free=3377Kb
 bounds [0x0000023ce8460000, 0x0000023ce86d0000, 0x0000023ce8a00000]
 total_blobs=9875 nmethods=8962 adapters=826
 compilation: enabled
              stopped_count=0, restarted_count=0
 full_count=0

Compilation events (20 events):
Event: 194.355 Thread 0x0000023cfd1b23e0 10467       3       java.util.concurrent.ConcurrentLinkedQueue$Itr::next (96 bytes)
Event: 194.356 Thread 0x0000023cfd1b23e0 nmethod 10467 0x0000023ce9b8c810 code [0x0000023ce9b8ca00, 0x0000023ce9b8d0f8]
Event: 194.368 Thread 0x0000023cfd1b23e0 10468       3       java.util.concurrent.ConcurrentLinkedQueue::iterator (9 bytes)
Event: 194.369 Thread 0x0000023cfd1b23e0 nmethod 10468 0x0000023ce9b8d390 code [0x0000023ce9b8d540, 0x0000023ce9b8d6e8]
Event: 194.369 Thread 0x0000023cfd1b23e0 10469       3       java.util.concurrent.ConcurrentLinkedQueue$Itr::<init> (75 bytes)
Event: 194.373 Thread 0x0000023cfd1b23e0 nmethod 10469 0x0000023ce9b8d790 code [0x0000023ce9b8db80, 0x0000023ce9b8f7c8]
Event: 194.401 Thread 0x0000023cfd1b23e0 10470       1       org.gradle.internal.io.IOQuery$Result$1::isSuccessful (2 bytes)
Event: 194.401 Thread 0x0000023cfd1b23e0 nmethod 10470 0x0000023cf051ce90 code [0x0000023cf051d020, 0x0000023cf051d0f8]
Event: 194.401 Thread 0x0000023cfd1b23e0 10471       1       org.gradle.internal.io.IOQuery$Result$1::getValue (5 bytes)
Event: 194.401 Thread 0x0000023cfd1b23e0 nmethod 10471 0x0000023cf051d190 code [0x0000023cf051d320, 0x0000023cf051d3f8]
Event: 194.401 Thread 0x0000023cfd1b23e0 10472       1       org.gradle.cache.internal.filelock.FileLockOutcome$3::getFileLock (5 bytes)
Event: 194.401 Thread 0x0000023cfd1b23e0 nmethod 10472 0x0000023cf051d490 code [0x0000023cf051d620, 0x0000023cf051d6f8]
Event: 194.402 Thread 0x0000023cfd1b23e0 10473  s!   3       org.gradle.internal.concurrent.CompositeStoppable::stop (123 bytes)
Event: 194.405 Thread 0x0000023cfd1b23e0 nmethod 10473 0x0000023ce9b90090 code [0x0000023ce9b90400, 0x0000023ce9b91d78]
Event: 194.406 Thread 0x0000023cfd1b23e0 10474       3       org.gradle.internal.concurrent.CompositeStoppable::add (34 bytes)
Event: 194.407 Thread 0x0000023cfd1b23e0 nmethod 10474 0x0000023ce9b92890 code [0x0000023ce9b92a80, 0x0000023ce9b930c8]
Event: 194.407 Thread 0x0000023cfd1b23e0 10476       3       java.util.concurrent.ConcurrentLinkedQueue$$Lambda$965/0x00000008015c0268::test (5 bytes)
Event: 194.407 Thread 0x0000023cfd1b23e0 nmethod 10476 0x0000023ce9b93310 code [0x0000023ce9b934a0, 0x0000023ce9b93618]
Event: 194.407 Thread 0x0000023cfd1b23e0 10475       3       org.gradle.internal.concurrent.CompositeStoppable$1::stop (1 bytes)
Event: 194.407 Thread 0x0000023cfd1b23e0 nmethod 10475 0x0000023ce9b93710 code [0x0000023ce9b938a0, 0x0000023ce9b939b8]

GC Heap History (20 events):
Event: 141.705 GC heap before
{Heap before GC invocations=49 (full 0):
 garbage-first heap   total 135168K, used 107447K [0x00000000a0000000, 0x0000000100000000)
  region size 1024K, 30 young (30720K), 1 survivors (1024K)
 Metaspace       used 66462K, committed 67136K, reserved 1114112K
  class space    used 8978K, committed 9280K, reserved 1048576K
}
Event: 141.712 GC heap after
{Heap after GC invocations=50 (full 0):
 garbage-first heap   total 135168K, used 79274K [0x00000000a0000000, 0x0000000100000000)
  region size 1024K, 2 young (2048K), 2 survivors (2048K)
 Metaspace       used 66462K, committed 67136K, reserved 1114112K
  class space    used 8978K, committed 9280K, reserved 1048576K
}
Event: 143.901 GC heap before
{Heap before GC invocations=51 (full 0):
 garbage-first heap   total 138240K, used 108970K [0x00000000a0000000, 0x0000000100000000)
  region size 1024K, 31 young (31744K), 2 survivors (2048K)
 Metaspace       used 67466K, committed 68032K, reserved 1114112K
  class space    used 9163K, committed 9408K, reserved 1048576K
}
Event: 143.924 GC heap after
{Heap after GC invocations=52 (full 0):
 garbage-first heap   total 138240K, used 82752K [0x00000000a0000000, 0x0000000100000000)
  region size 1024K, 4 young (4096K), 4 survivors (4096K)
 Metaspace       used 67466K, committed 68032K, reserved 1114112K
  class space    used 9163K, committed 9408K, reserved 1048576K
}
Event: 144.157 GC heap before
{Heap before GC invocations=52 (full 0):
 garbage-first heap   total 138240K, used 84800K [0x00000000a0000000, 0x0000000100000000)
  region size 1024K, 6 young (6144K), 4 survivors (4096K)
 Metaspace       used 67531K, committed 68224K, reserved 1114112K
  class space    used 9176K, committed 9472K, reserved 1048576K
}
Event: 144.175 GC heap after
{Heap after GC invocations=53 (full 0):
 garbage-first heap   total 138240K, used 83000K [0x00000000a0000000, 0x0000000100000000)
  region size 1024K, 1 young (1024K), 1 survivors (1024K)
 Metaspace       used 67531K, committed 68224K, reserved 1114112K
  class space    used 9176K, committed 9472K, reserved 1048576K
}
Event: 146.475 GC heap before
{Heap before GC invocations=53 (full 0):
 garbage-first heap   total 138240K, used 110648K [0x00000000a0000000, 0x0000000100000000)
  region size 1024K, 29 young (29696K), 1 survivors (1024K)
 Metaspace       used 69854K, committed 70592K, reserved 1114112K
  class space    used 9416K, committed 9728K, reserved 1048576K
}
Event: 146.487 GC heap after
{Heap after GC invocations=54 (full 0):
 garbage-first heap   total 138240K, used 87211K [0x00000000a0000000, 0x0000000100000000)
  region size 1024K, 4 young (4096K), 4 survivors (4096K)
 Metaspace       used 69854K, committed 70592K, reserved 1114112K
  class space    used 9416K, committed 9728K, reserved 1048576K
}
Event: 149.052 GC heap before
{Heap before GC invocations=54 (full 0):
 garbage-first heap   total 138240K, used 111787K [0x00000000a0000000, 0x0000000100000000)
  region size 1024K, 29 young (29696K), 4 survivors (4096K)
 Metaspace       used 72476K, committed 73280K, reserved 1114112K
  class space    used 9846K, committed 10240K, reserved 1048576K
}
Event: 149.066 GC heap after
{Heap after GC invocations=55 (full 0):
 garbage-first heap   total 138240K, used 89326K [0x00000000a0000000, 0x0000000100000000)
  region size 1024K, 2 young (2048K), 2 survivors (2048K)
 Metaspace       used 72476K, committed 73280K, reserved 1114112K
  class space    used 9846K, committed 10240K, reserved 1048576K
}
Event: 152.086 GC heap before
{Heap before GC invocations=55 (full 0):
 garbage-first heap   total 138240K, used 113902K [0x00000000a0000000, 0x0000000100000000)
  region size 1024K, 26 young (26624K), 2 survivors (2048K)
 Metaspace       used 73911K, committed 74688K, reserved 1114112K
  class space    used 10063K, committed 10432K, reserved 1048576K
}
Event: 152.098 GC heap after
{Heap after GC invocations=56 (full 0):
 garbage-first heap   total 138240K, used 90473K [0x00000000a0000000, 0x0000000100000000)
  region size 1024K, 4 young (4096K), 4 survivors (4096K)
 Metaspace       used 73911K, committed 74688K, reserved 1114112K
  class space    used 10063K, committed 10432K, reserved 1048576K
}
Event: 154.084 GC heap before
{Heap before GC invocations=56 (full 0):
 garbage-first heap   total 138240K, used 114025K [0x00000000a0000000, 0x0000000100000000)
  region size 1024K, 27 young (27648K), 4 survivors (4096K)
 Metaspace       used 75223K, committed 75968K, reserved 1114112K
  class space    used 10217K, committed 10560K, reserved 1048576K
}
Event: 154.096 GC heap after
{Heap after GC invocations=57 (full 0):
 garbage-first heap   total 138240K, used 92709K [0x00000000a0000000, 0x0000000100000000)
  region size 1024K, 4 young (4096K), 4 survivors (4096K)
 Metaspace       used 75223K, committed 75968K, reserved 1114112K
  class space    used 10217K, committed 10560K, reserved 1048576K
}
Event: 157.585 GC heap before
{Heap before GC invocations=57 (full 0):
 garbage-first heap   total 138240K, used 116261K [0x00000000a0000000, 0x0000000100000000)
  region size 1024K, 27 young (27648K), 4 survivors (4096K)
 Metaspace       used 79025K, committed 79744K, reserved 1122304K
  class space    used 10760K, committed 11072K, reserved 1048576K
}
Event: 157.601 GC heap after
{Heap after GC invocations=58 (full 0):
 garbage-first heap   total 138240K, used 94636K [0x00000000a0000000, 0x0000000100000000)
  region size 1024K, 2 young (2048K), 2 survivors (2048K)
 Metaspace       used 79025K, committed 79744K, reserved 1122304K
  class space    used 10760K, committed 11072K, reserved 1048576K
}
Event: 158.854 GC heap before
{Heap before GC invocations=58 (full 0):
 garbage-first heap   total 138240K, used 117164K [0x00000000a0000000, 0x0000000100000000)
  region size 1024K, 24 young (24576K), 2 survivors (2048K)
 Metaspace       used 80490K, committed 81280K, reserved 1122304K
  class space    used 10973K, committed 11328K, reserved 1048576K
}
Event: 158.864 GC heap after
{Heap after GC invocations=59 (full 0):
 garbage-first heap   total 138240K, used 95675K [0x00000000a0000000, 0x0000000100000000)
  region size 1024K, 2 young (2048K), 2 survivors (2048K)
 Metaspace       used 80490K, committed 81280K, reserved 1122304K
  class space    used 10973K, committed 11328K, reserved 1048576K
}
Event: 194.338 GC heap before
{Heap before GC invocations=59 (full 0):
 garbage-first heap   total 138240K, used 116155K [0x00000000a0000000, 0x0000000100000000)
  region size 1024K, 22 young (22528K), 2 survivors (2048K)
 Metaspace       used 82213K, committed 83008K, reserved 1122304K
  class space    used 11209K, committed 11584K, reserved 1048576K
}
Event: 194.346 GC heap after
{Heap after GC invocations=60 (full 0):
 garbage-first heap   total 138240K, used 96814K [0x00000000a0000000, 0x0000000100000000)
  region size 1024K, 3 young (3072K), 3 survivors (3072K)
 Metaspace       used 82213K, committed 83008K, reserved 1122304K
  class space    used 11209K, committed 11584K, reserved 1048576K
}

Deoptimization events (20 events):
Event: 194.188 Thread 0x0000023cfe8a3030 Uncommon trap: trap_request=0xffffffc6 fr.pc=0x0000023cf034c714 relative=0x0000000000001174
Event: 194.188 Thread 0x0000023cfe8a3030 Uncommon trap: reason=bimorphic_or_optimized_type_check action=maybe_recompile pc=0x0000023cf034c714 method=org.gradle.internal.snapshot.ChildMap$Entry.handleAncestorDescendantOrExactMatch(Lorg/gradle/internal/snapshot/VfsRelativePath;Lorg/gradle/internal
Event: 194.188 Thread 0x0000023cfe8a3030 DEOPT PACKING pc=0x0000023cf034c714 sp=0x000000d2068fb010
Event: 194.188 Thread 0x0000023cfe8a3030 DEOPT UNPACKING pc=0x0000023ce84b23a3 sp=0x000000d2068faff0 mode 2
Event: 194.274 Thread 0x0000023c81788070 Uncommon trap: trap_request=0xffffffde fr.pc=0x0000023cf01a9f00 relative=0x0000000000000160
Event: 194.274 Thread 0x0000023c81788070 Uncommon trap: reason=class_check action=maybe_recompile pc=0x0000023cf01a9f00 method=java.util.concurrent.locks.ReentrantLock$Sync.lock()V @ 1 c2
Event: 194.274 Thread 0x0000023c81788070 DEOPT PACKING pc=0x0000023cf01a9f00 sp=0x000000d2077fee20
Event: 194.274 Thread 0x0000023c81788070 DEOPT UNPACKING pc=0x0000023ce84b23a3 sp=0x000000d2077fed80 mode 2
Event: 194.352 Thread 0x0000023c8178f8c0 Uncommon trap: trap_request=0xffffffde fr.pc=0x0000023cf01a9f00 relative=0x0000000000000160
Event: 194.352 Thread 0x0000023c8178f8c0 Uncommon trap: reason=class_check action=maybe_recompile pc=0x0000023cf01a9f00 method=java.util.concurrent.locks.ReentrantLock$Sync.lock()V @ 1 c2
Event: 194.352 Thread 0x0000023c8178f8c0 DEOPT PACKING pc=0x0000023cf01a9f00 sp=0x000000d206afef90
Event: 194.352 Thread 0x0000023c8178f8c0 DEOPT UNPACKING pc=0x0000023ce84b23a3 sp=0x000000d206afeef0 mode 2
Event: 194.369 Thread 0x0000023c8135ab10 Uncommon trap: trap_request=0xffffffde fr.pc=0x0000023cf01a9f00 relative=0x0000000000000160
Event: 194.369 Thread 0x0000023c8135ab10 Uncommon trap: reason=class_check action=maybe_recompile pc=0x0000023cf01a9f00 method=java.util.concurrent.locks.ReentrantLock$Sync.lock()V @ 1 c2
Event: 194.369 Thread 0x0000023c8135ab10 DEOPT PACKING pc=0x0000023cf01a9f00 sp=0x000000d20abff040
Event: 194.369 Thread 0x0000023c8135ab10 DEOPT UNPACKING pc=0x0000023ce84b23a3 sp=0x000000d20abfefa0 mode 2
Event: 194.407 Thread 0x0000023c81789880 Uncommon trap: trap_request=0xffffffde fr.pc=0x0000023cf01a9f00 relative=0x0000000000000160
Event: 194.407 Thread 0x0000023c81789880 Uncommon trap: reason=class_check action=maybe_recompile pc=0x0000023cf01a9f00 method=java.util.concurrent.locks.ReentrantLock$Sync.lock()V @ 1 c2
Event: 194.407 Thread 0x0000023c81789880 DEOPT PACKING pc=0x0000023cf01a9f00 sp=0x000000d2076fecc0
Event: 194.407 Thread 0x0000023c81789880 DEOPT UNPACKING pc=0x0000023ce84b23a3 sp=0x000000d2076fec20 mode 2

Classes unloaded (0 events):
No events

Classes redefined (0 events):
No events

Internal exceptions (20 events):
Event: 159.534 Thread 0x0000023cfe8a3030 Exception <a 'java/lang/ClassNotFoundException'{0x00000000a7a7b6d8}: org/gradle/process/internal/DefaultExecHandleBuilderBeanInfo> (0x00000000a7a7b6d8) 
thrown [t:\workspace\open\src\hotspot\share\classfile\systemDictionary.cpp, line 256]
Event: 159.536 Thread 0x0000023cfe8a3030 Exception <a 'java/lang/ClassNotFoundException'{0x00000000a7a876a8}: org/gradle/process/internal/AbstractExecHandleBuilderBeanInfo> (0x00000000a7a876a8) 
thrown [t:\workspace\open\src\hotspot\share\classfile\systemDictionary.cpp, line 256]
Event: 159.537 Thread 0x0000023cfe8a3030 Exception <a 'java/lang/ClassNotFoundException'{0x00000000a7a943c8}: org/gradle/process/internal/DefaultProcessForkOptionsBeanInfo> (0x00000000a7a943c8) 
thrown [t:\workspace\open\src\hotspot\share\classfile\systemDictionary.cpp, line 256]
Event: 159.538 Thread 0x0000023cfe8a3030 Exception <a 'java/lang/ClassNotFoundException'{0x00000000a7aa03f0}: org/gradle/process/internal/DefaultProcessForkOptionsCustomizer> (0x00000000a7aa03f0) 
thrown [t:\workspace\open\src\hotspot\share\classfile\systemDictionary.cpp, line 256]
Event: 159.542 Thread 0x0000023cfe8a3030 Exception <a 'java/lang/ClassNotFoundException'{0x00000000a7ab9b20}: org/gradle/process/internal/AbstractExecHandleBuilderCustomizer> (0x00000000a7ab9b20) 
thrown [t:\workspace\open\src\hotspot\share\classfile\systemDictionary.cpp, line 256]
Event: 159.544 Thread 0x0000023cfe8a3030 Exception <a 'java/lang/ClassNotFoundException'{0x00000000a7ad81a8}: org/gradle/process/internal/DefaultExecHandleBuilderCustomizer> (0x00000000a7ad81a8) 
thrown [t:\workspace\open\src\hotspot\share\classfile\systemDictionary.cpp, line 256]
Event: 159.548 Thread 0x0000023cfe8a3030 Exception <a 'java/lang/ClassNotFoundException'{0x00000000a79120e0}: org/gradle/process/internal/DefaultExecActionCustomizer> (0x00000000a79120e0) 
thrown [t:\workspace\open\src\hotspot\share\classfile\systemDictionary.cpp, line 256]
Event: 159.550 Thread 0x0000023cfe8a3030 Exception <a 'java/lang/ClassNotFoundException'{0x00000000a7928078}: org/gradle/process/internal/DefaultExecAction_DecoratedCustomizer> (0x00000000a7928078) 
thrown [t:\workspace\open\src\hotspot\share\classfile\systemDictionary.cpp, line 256]
Event: 159.617 Thread 0x0000023c813597d0 Exception <a 'java/lang/NoSuchMethodError'{0x00000000a79c5a40}: 'void java.lang.invoke.DirectMethodHandle$Holder.invokeStatic(java.lang.Object, long)'> (0x00000000a79c5a40) 
thrown [t:\workspace\open\src\hotspot\share\interpreter\linkResolver.cpp, line 766]
Event: 159.619 Thread 0x0000023c813597d0 Exception <a 'java/lang/NoSuchMethodError'{0x00000000a79cadf0}: 'java.lang.Object java.lang.invoke.DirectMethodHandle$Holder.newInvokeSpecial(java.lang.Object, long)'> (0x00000000a79cadf0) 
thrown [t:\workspace\open\src\hotspot\share\interpreter\linkResolver.cpp, line 766]
Event: 159.623 Thread 0x0000023c813597d0 Exception <a 'java/lang/NoSuchMethodError'{0x00000000a79d1968}: 'java.lang.Object java.lang.invoke.DirectMethodHandle$Holder.invokeStatic(java.lang.Object, java.lang.Object, long, java.lang.Object)'> (0x00000000a79d1968) 
thrown [t:\workspace\open\src\hotspot\share\interpreter\linkResolver.cpp, line 766]
Event: 159.624 Thread 0x0000023c813597d0 Exception <a 'java/lang/NoSuchMethodError'{0x00000000a79d5670}: 'java.lang.Object java.lang.invoke.DirectMethodHandle$Holder.invokeStaticInit(java.lang.Object, java.lang.Object, long, java.lang.Object)'> (0x00000000a79d5670) 
thrown [t:\workspace\open\src\hotspot\share\interpreter\linkResolver.cpp, line 766]
Event: 159.626 Thread 0x0000023c813597d0 Exception <a 'java/lang/NoSuchMethodError'{0x00000000a79dbc88}: 'java.lang.Object java.lang.invoke.DirectMethodHandle$Holder.newInvokeSpecial(java.lang.Object, java.lang.Object, long)'> (0x00000000a79dbc88) 
thrown [t:\workspace\open\src\hotspot\share\interpreter\linkResolver.cpp, line 766]
Event: 159.627 Thread 0x0000023c813597d0 Exception <a 'java/lang/NoSuchMethodError'{0x00000000a79df7f8}: 'java.lang.Object java.lang.invoke.Invokers$Holder.linkToTargetMethod(java.lang.Object, long, java.lang.Object)'> (0x00000000a79df7f8) 
thrown [t:\workspace\open\src\hotspot\share\interpreter\linkResolver.cpp, line 766]
Event: 193.158 Thread 0x0000023cfe8a3030 Exception <a 'java/lang/reflect/InvocationTargetException'{0x00000000a798b558}> (0x00000000a798b558) 
thrown [t:\workspace\open\src\hotspot\share\runtime\reflection.cpp, line 1121]
Event: 193.158 Thread 0x0000023cfe8a3030 Exception <a 'java/lang/reflect/InvocationTargetException'{0x00000000a798c570}> (0x00000000a798c570) 
thrown [t:\workspace\open\src\hotspot\share\runtime\reflection.cpp, line 1121]
Event: 193.169 Thread 0x0000023cfec03910 Exception <a 'java/lang/NoSuchMethodError'{0x00000000a7795fa0}: static Lorg/gradle/internal/build/event/types/DefaultFailureResult;.<clinit>()V> (0x00000000a7795fa0) 
thrown [t:\workspace\open\src\hotspot\share\prims\jni.cpp, line 1107]
Event: 193.172 Thread 0x0000023cfec03910 Exception <a 'java/lang/NoSuchMethodError'{0x00000000a7601098}: static Lorg/gradle/internal/build/event/types/DefaultFailure;.<clinit>()V> (0x00000000a7601098) 
thrown [t:\workspace\open\src\hotspot\share\prims\jni.cpp, line 1107]
Event: 193.671 Thread 0x0000023c8135c7f0 Implicit null exception at 0x0000023cf00d0703 to 0x0000023cf00d08c4
Event: 193.672 Thread 0x0000023c8135c7f0 Exception <a 'sun/nio/fs/WindowsException'{0x00000000a7560828}> (0x00000000a7560828) 
thrown [t:\workspace\open\src\hotspot\share\prims\jni.cpp, line 516]

VM Operations (20 events):
Event: 160.643 Executing VM operation: Cleanup
Event: 160.643 Executing VM operation: Cleanup done
Event: 174.753 Executing VM operation: Cleanup
Event: 174.753 Executing VM operation: Cleanup done
Event: 189.845 Executing VM operation: Cleanup
Event: 189.845 Executing VM operation: Cleanup done
Event: 192.867 Executing VM operation: Cleanup
Event: 192.867 Executing VM operation: Cleanup done
Event: 193.157 Executing VM operation: HandshakeAllThreads
Event: 193.157 Executing VM operation: HandshakeAllThreads done
Event: 193.798 Executing VM operation: HandshakeAllThreads
Event: 193.845 Executing VM operation: HandshakeAllThreads done
Event: 193.990 Executing VM operation: HandshakeAllThreads
Event: 193.990 Executing VM operation: HandshakeAllThreads done
Event: 193.990 Executing VM operation: Cleanup
Event: 193.990 Executing VM operation: Cleanup done
Event: 194.046 Executing VM operation: HandshakeAllThreads
Event: 194.047 Executing VM operation: HandshakeAllThreads done
Event: 194.338 Executing VM operation: G1CollectForAllocation
Event: 194.347 Executing VM operation: G1CollectForAllocation done

Events (20 events):
Event: 159.655 Thread 0x0000023c8178a6f0 Thread added: 0x0000023c8178a6f0
Event: 159.655 Thread 0x0000023c8178ba30 Thread added: 0x0000023c8178ba30
Event: 162.797 Thread 0x0000023c82137930 Thread exited: 0x0000023c82137930
Event: 188.955 Thread 0x0000023cfec05ac0 Thread added: 0x0000023cfec05ac0
Event: 193.107 Thread 0x0000023c82138350 Thread added: 0x0000023c82138350
Event: 193.163 loading class java/lang/Throwable$WrappedPrintWriter
Event: 193.164 loading class java/lang/Throwable$PrintStreamOrWriter
Event: 193.164 loading class java/lang/Throwable$PrintStreamOrWriter done
Event: 193.164 loading class java/lang/Throwable$WrappedPrintWriter done
Event: 193.232 loading class java/util/logging/LogRecord
Event: 193.256 loading class java/util/logging/LogRecord done
Event: 193.278 Thread 0x0000023c8135c7f0 Thread exited: 0x0000023c8135c7f0
Event: 193.638 Thread 0x0000023c8135c7f0 Thread added: 0x0000023c8135c7f0
Event: 193.647 loading class java/lang/Math$RandomNumberGeneratorHolder
Event: 193.712 loading class java/lang/Math$RandomNumberGeneratorHolder done
Event: 193.714 Thread 0x0000023c82138350 Thread exited: 0x0000023c82138350
Event: 193.870 Thread 0x0000023c82139790 Thread added: 0x0000023c82139790
Event: 194.319 Thread 0x0000023c81788070 Thread exited: 0x0000023c81788070
Event: 194.352 Thread 0x0000023c8178f8c0 Thread exited: 0x0000023c8178f8c0
Event: 194.407 Thread 0x0000023c8135ab10 Thread exited: 0x0000023c8135ab10


Dynamic libraries:
0x00007ff6ba470000 - 0x00007ff6ba480000 	C:\Program Files\Java\jdk-17.0.2\bin\java.exe
0x00007ffe0c8b0000 - 0x00007ffe0caa8000 	C:\WINDOWS\SYSTEM32\ntdll.dll
0x00007ffe0c500000 - 0x00007ffe0c5bf000 	C:\WINDOWS\System32\KERNEL32.DLL
0x00007ffe0a3a0000 - 0x00007ffe0a672000 	C:\WINDOWS\System32\KERNELBASE.dll
0x00007ffe0a850000 - 0x00007ffe0a950000 	C:\WINDOWS\System32\ucrtbase.dll
0x00007ffe051a0000 - 0x00007ffe051ba000 	C:\Program Files\Java\jdk-17.0.2\bin\VCRUNTIME140.dll
0x00007ffe051c0000 - 0x00007ffe051d8000 	C:\Program Files\Java\jdk-17.0.2\bin\jli.dll
0x00007ffe0b680000 - 0x00007ffe0b72e000 	C:\WINDOWS\System32\ADVAPI32.dll
0x00007ffe0c7d0000 - 0x00007ffe0c86e000 	C:\WINDOWS\System32\msvcrt.dll
0x00007ffe0b3d0000 - 0x00007ffe0b46c000 	C:\WINDOWS\System32\sechost.dll
0x00007ffe0b170000 - 0x00007ffe0b295000 	C:\WINDOWS\System32\RPCRT4.dll
0x00007ffe0b470000 - 0x00007ffe0b611000 	C:\WINDOWS\System32\USER32.dll
0x00007ffe0a1f0000 - 0x00007ffe0a212000 	C:\WINDOWS\System32\win32u.dll
0x00007ffe0c060000 - 0x00007ffe0c08b000 	C:\WINDOWS\System32\GDI32.dll
0x00007ffe0a290000 - 0x00007ffe0a39f000 	C:\WINDOWS\System32\gdi32full.dll
0x00007ffe0a700000 - 0x00007ffe0a79d000 	C:\WINDOWS\System32\msvcp_win.dll
0x00007ffdf9a30000 - 0x00007ffdf9cca000 	C:\WINDOWS\WinSxS\amd64_microsoft.windows.common-controls_6595b64144ccf1df_6.0.19041.1110_none_60b5254171f9507e\COMCTL32.dll
0x00007ffe02ef0000 - 0x00007ffe02efa000 	C:\WINDOWS\SYSTEM32\VERSION.dll
0x00007ffe0b640000 - 0x00007ffe0b672000 	C:\WINDOWS\System32\IMM32.DLL
0x00007ffdfeee0000 - 0x00007ffdfeeec000 	C:\Program Files\Java\jdk-17.0.2\bin\vcruntime140_1.dll
0x00007ffded050000 - 0x00007ffded0dd000 	C:\Program Files\Java\jdk-17.0.2\bin\msvcp140.dll
0x00007ffdcfed0000 - 0x00007ffdd0a91000 	C:\Program Files\Java\jdk-17.0.2\bin\server\jvm.dll
0x00007ffe0c7b0000 - 0x00007ffe0c7b8000 	C:\WINDOWS\System32\PSAPI.DLL
0x00007ffe05560000 - 0x00007ffe05569000 	C:\WINDOWS\SYSTEM32\WSOCK32.dll
0x00007ffe0ad10000 - 0x00007ffe0ad7b000 	C:\WINDOWS\System32\WS2_32.dll
0x00007ffe02ec0000 - 0x00007ffe02ee7000 	C:\WINDOWS\SYSTEM32\WINMM.dll
0x00007ffe07ec0000 - 0x00007ffe07ed2000 	C:\WINDOWS\SYSTEM32\kernel.appcore.dll
0x00007ffdfeed0000 - 0x00007ffdfeeda000 	C:\Program Files\Java\jdk-17.0.2\bin\jimage.dll
0x00007ffdf92e0000 - 0x00007ffdf94c4000 	C:\WINDOWS\SYSTEM32\DBGHELP.DLL
0x00007ffdfa9f0000 - 0x00007ffdfaa25000 	C:\WINDOWS\SYSTEM32\dbgcore.DLL
0x00007ffe0a000000 - 0x00007ffe0a082000 	C:\WINDOWS\System32\bcryptPrimitives.dll
0x00007ffdfeea0000 - 0x00007ffdfeec5000 	C:\Program Files\Java\jdk-17.0.2\bin\java.dll
0x00007ffdec5e0000 - 0x00007ffdec6b6000 	C:\Program Files\Java\jdk-17.0.2\bin\jsvml.dll
0x00007ffe0b8b0000 - 0x00007ffe0bff4000 	C:\WINDOWS\System32\SHELL32.dll
0x00007ffe080c0000 - 0x00007ffe08852000 	C:\WINDOWS\SYSTEM32\windows.storage.dll
0x00007ffe0a9b0000 - 0x00007ffe0ad05000 	C:\WINDOWS\System32\combase.dll
0x00007ffe099f0000 - 0x00007ffe09a20000 	C:\WINDOWS\SYSTEM32\Wldp.dll
0x00007ffe0aeb0000 - 0x00007ffe0af5d000 	C:\WINDOWS\System32\SHCORE.dll
0x00007ffe0af60000 - 0x00007ffe0afb5000 	C:\WINDOWS\System32\shlwapi.dll
0x00007ffe09f40000 - 0x00007ffe09f5f000 	C:\WINDOWS\SYSTEM32\profapi.dll
0x00007ffdfc590000 - 0x00007ffdfc5a9000 	C:\Program Files\Java\jdk-17.0.2\bin\net.dll
0x00007ffe01d60000 - 0x00007ffe01e6c000 	C:\WINDOWS\SYSTEM32\WINHTTP.dll
0x00007ffe096e0000 - 0x00007ffe0974a000 	C:\WINDOWS\system32\mswsock.dll
0x00007ffdfc030000 - 0x00007ffdfc046000 	C:\Program Files\Java\jdk-17.0.2\bin\nio.dll
0x00007ffdfc010000 - 0x00007ffdfc028000 	C:\Program Files\Java\jdk-17.0.2\bin\zip.dll
0x00007ffdfc5d0000 - 0x00007ffdfc5e0000 	C:\Program Files\Java\jdk-17.0.2\bin\verify.dll
0x00007ffdf0dd0000 - 0x00007ffdf0df7000 	C:\Users\Evian\.gradle\native\e1d6ef7f7dcc3fd88c89a11ec53ec762bb8ba0a96d01ffa2cd45eb1d1d8dd5c5\windows-amd64\native-platform.dll
0x00007ffde0880000 - 0x00007ffde09c4000 	C:\Users\Evian\.gradle\native\0d407fdbe67a94daf76414ababcb853783967236a71b16ec16e742cd7a986fd3\windows-amd64\native-platform-file-events.dll
0x00007ffdfc160000 - 0x00007ffdfc169000 	C:\Program Files\Java\jdk-17.0.2\bin\management.dll
0x00007ffdfc000000 - 0x00007ffdfc00b000 	C:\Program Files\Java\jdk-17.0.2\bin\management_ext.dll
0x00007ffe098d0000 - 0x00007ffe098e8000 	C:\WINDOWS\SYSTEM32\CRYPTSP.dll
0x00007ffe09000000 - 0x00007ffe09034000 	C:\WINDOWS\system32\rsaenh.dll
0x00007ffe0a6d0000 - 0x00007ffe0a6f7000 	C:\WINDOWS\System32\bcrypt.dll
0x00007ffe09ec0000 - 0x00007ffe09eee000 	C:\WINDOWS\SYSTEM32\USERENV.dll
0x00007ffe098f0000 - 0x00007ffe098fc000 	C:\WINDOWS\SYSTEM32\CRYPTBASE.dll
0x00007ffe093d0000 - 0x00007ffe0940b000 	C:\WINDOWS\SYSTEM32\IPHLPAPI.DLL
0x00007ffe0c7c0000 - 0x00007ffe0c7c8000 	C:\WINDOWS\System32\NSI.dll
0x00007ffe02020000 - 0x00007ffe02037000 	C:\WINDOWS\SYSTEM32\dhcpcsvc6.DLL
0x00007ffe02ea0000 - 0x00007ffe02ebd000 	C:\WINDOWS\SYSTEM32\dhcpcsvc.DLL
0x00007ffe09410000 - 0x00007ffe094da000 	C:\WINDOWS\SYSTEM32\DNSAPI.dll
0x00007ffdfbd40000 - 0x00007ffdfbd4e000 	C:\Program Files\Java\jdk-17.0.2\bin\sunmscapi.dll
0x00007ffe0a090000 - 0x00007ffe0a1e6000 	C:\WINDOWS\System32\CRYPT32.dll
0x00007ffe09a60000 - 0x00007ffe09a87000 	C:\WINDOWS\SYSTEM32\ncrypt.dll
0x00007ffe09a20000 - 0x00007ffe09a5b000 	C:\WINDOWS\SYSTEM32\NTASN1.dll
0x00007ffdfbff0000 - 0x00007ffdfbff7000 	C:\WINDOWS\system32\wshunix.dll

dbghelp: loaded successfully - version: 4.0.5 - missing functions: none
symbol engine: initialized successfully - sym options: 0x614 - pdb path: .;C:\Program Files\Java\jdk-17.0.2\bin;C:\WINDOWS\SYSTEM32;C:\WINDOWS\WinSxS\amd64_microsoft.windows.common-controls_6595b64144ccf1df_6.0.19041.1110_none_60b5254171f9507e;C:\Program Files\Java\jdk-17.0.2\bin\server;C:\Users\Evian\.gradle\native\e1d6ef7f7dcc3fd88c89a11ec53ec762bb8ba0a96d01ffa2cd45eb1d1d8dd5c5\windows-amd64;C:\Users\Evian\.gradle\native\0d407fdbe67a94daf76414ababcb853783967236a71b16ec16e742cd7a986fd3\windows-amd64

VM Arguments:
jvm_args: --add-opens=java.base/java.util=ALL-UNNAMED --add-opens=java.base/java.lang=ALL-UNNAMED --add-opens=java.base/java.lang.invoke=ALL-UNNAMED --add-opens=java.base/java.util=ALL-UNNAMED --add-opens=java.prefs/java.util.prefs=ALL-UNNAMED --add-opens=java.prefs/java.util.prefs=ALL-UNNAMED --add-opens=java.base/java.nio.charset=ALL-UNNAMED --add-opens=java.base/java.net=ALL-UNNAMED --add-opens=java.base/java.util.concurrent.atomic=ALL-UNNAMED -Xmx1536M -Dfile.encoding=utf8 -Duser.country=US -Duser.language=en -Duser.variant 
java_command: org.gradle.launcher.daemon.bootstrap.GradleDaemon 7.4
java_class_path (initial): C:\Users\Evian\.gradle\wrapper\dists\gradle-7.4-all\aadb4xli5jkdsnukm30eibyiu\gradle-7.4\lib\gradle-launcher-7.4.jar
Launcher Type: SUN_STANDARD

[Global flags]
     intx CICompilerCount                          = 3                                         {product} {ergonomic}
     uint ConcGCThreads                            = 1                                         {product} {ergonomic}
     uint G1ConcRefinementThreads                  = 4                                         {product} {ergonomic}
   size_t G1HeapRegionSize                         = 1048576                                   {product} {ergonomic}
    uintx GCDrainStackTargetSize                   = 64                                        {product} {ergonomic}
   size_t InitialHeapSize                          = 83886080                                  {product} {ergonomic}
   size_t MarkStackSize                            = 4194304                                   {product} {ergonomic}
   size_t MaxHeapSize                              = 1610612736                                {product} {command line}
   size_t MaxNewSize                               = 965738496                                 {product} {ergonomic}
   size_t MinHeapDeltaBytes                        = 1048576                                   {product} {ergonomic}
   size_t MinHeapSize                              = 8388608                                   {product} {ergonomic}
    uintx NonNMethodCodeHeapSize                   = 5832780                                {pd product} {ergonomic}
    uintx NonProfiledCodeHeapSize                  = 122912730                              {pd product} {ergonomic}
    uintx ProfiledCodeHeapSize                     = 122912730                              {pd product} {ergonomic}
    uintx ReservedCodeCacheSize                    = 251658240                              {pd product} {ergonomic}
     bool SegmentedCodeCache                       = true                                      {product} {ergonomic}
   size_t SoftMaxHeapSize                          = 1610612736                             {manageable} {ergonomic}
     bool UseCompressedClassPointers               = true                           {product lp64_product} {ergonomic}
     bool UseCompressedOops                        = true                           {product lp64_product} {ergonomic}
     bool UseG1GC                                  = true                                      {product} {ergonomic}
     bool UseLargePagesIndividualAllocation        = false                                  {pd product} {ergonomic}

Logging:
Log output configuration:
 #0: stdout all=warning uptime,level,tags
 #1: stderr all=off uptime,level,tags

Environment Variables:
PATH=C:\Program Files\Common Files\Oracle\Java\javapath;C:\WINDOWS\system32;C:\WINDOWS;C:\WINDOWS\System32\Wbem;C:\WINDOWS\System32\WindowsPowerShell\v1.0\;C:\WINDOWS\System32\OpenSSH\;C:\xampp2\php;C:\ProgramData\ComposerSetup\bin;C:\Program Files\nodejs\;C:\ProgramData\chocolatey\bin;C:\Program Files\Git\cmd;C:\Users\Evian\AppData\Local\Microsoft\WindowsApps;C:\Users\Evian\AppData\Roaming\Composer\vendor\bin;C:\Users\Evian\AppData\Roaming\npm;C:\Users\Evian\AppData\Local\Programs\Microsoft VS Code\bin;C:\flutter\bin;
USERNAME=Evian
OS=Windows_NT
PROCESSOR_IDENTIFIER=AMD64 Family 22 Model 48 Stepping 1, AuthenticAMD



---------------  S Y S T E M  ---------------

OS:
 Windows 10 , 64 bit Build 19041 (10.0.19041.2364)
OS uptime: 2 days 11:45 hours

CPU: total 4 (initial active 4) (4 cores per cpu, 1 threads per core) family 22 model 48 stepping 1 microcode 0x0, cx8, cmov, fxsr, mmx, 3dnowpref, sse, sse2, sse3, ssse3, sse4a, sse4.1, sse4.2, popcnt, lzcnt, tsc, tscinvbit, avx, aes, clmul, bmi1, vzeroupper, clflush

Memory: 4k page, system-wide physical 5084M (456M free)
TotalPageFile size 17573M (AvailPageFile size 19M)
current process WorkingSet (physical memory assigned to process): 378M, peak: 382M
current process commit charge ("private bytes"): 414M, peak: 417M

vm_info: Java HotSpot(TM) 64-Bit Server VM (17.0.2+8-LTS-86) for windows-amd64 JRE (17.0.2+8-LTS-86), built on Dec  7 2021 21:51:03 by "mach5one" with MS VC++ 16.8 / 16.9 (VS2019)

END.
