#
# There is insufficient memory for the Java Runtime Environment to continue.
# Native memory allocation (malloc) failed to allocate 1356816 bytes for Chunk::new
# Possible reasons:
#   The system is out of physical RAM or swap space
#   The process is running with CompressedOops enabled, and the Java Heap may be blocking the growth of the native heap
# Possible solutions:
#   Reduce memory load on the system
#   Increase physical memory or swap space
#   Check if swap backing store is full
#   Decrease Java heap size (-Xmx/-Xms)
#   Decrease number of Java threads
#   Decrease Java thread stack sizes (-Xss)
#   Set larger code cache with -XX:ReservedCodeCacheSize=
#   JVM is running with Unscaled Compressed Oops mode in which the Java heap is
#     placed in the first 4GB address space. The Java Heap base address is the
#     maximum limit for the native heap growth. Please use -XX:HeapBaseMinAddress
#     to set the Java Heap base and to place the Java Heap above 4GB virtual address.
# This output file may be truncated or incomplete.
#
#  Out of Memory Error (./src/hotspot/share/memory/arena.cpp:197), pid=916, tid=11160
#
# JRE version: OpenJDK Runtime Environment (11.0.13) (build 11.0.13+0-b1751.21-8125866)
# Java VM: OpenJDK 64-Bit Server VM (11.0.13+0-b1751.21-8125866, mixed mode, tiered, compressed oops, g1 gc, windows-amd64)
# No core dump will be written. Minidumps are not enabled by default on client versions of Windows
#

---------------  S U M M A R Y ------------

Command Line: --add-opens=java.base/java.util=ALL-UNNAMED --add-opens=java.base/java.lang=ALL-UNNAMED --add-opens=java.base/java.lang.invoke=ALL-UNNAMED --add-opens=java.base/java.util=ALL-UNNAMED --add-opens=java.prefs/java.util.prefs=ALL-UNNAMED --add-opens=java.prefs/java.util.prefs=ALL-UNNAMED --add-opens=java.base/java.nio.charset=ALL-UNNAMED --add-opens=java.base/java.net=ALL-UNNAMED --add-opens=java.base/java.util.concurrent.atomic=ALL-UNNAMED -Xmx1536M -Dfile.encoding=windows-1252 -Duser.country=US -Duser.language=en -Duser.variant org.gradle.launcher.daemon.bootstrap.GradleDaemon 7.4

Host: AMD A6-6310 APU with AMD Radeon R4 Graphics    , 4 cores, 4G,  Windows 10 , 64 bit Build 19041 (10.0.19041.2364)
Time: Wed Jan  4 06:06:24 2023 Malay Peninsula Standard Time elapsed time: 152.513383 seconds (0d 0h 2m 32s)

---------------  T H R E A D  ---------------

Current thread (0x00000255fb9b8000):  JavaThread "C2 CompilerThread0" daemon [_thread_in_native, id=11160, stack(0x000000a489b00000,0x000000a489c00000)]


Current CompileTask:
C2: 152513 10600       4       javax.management.ObjectName::construct (1135 bytes)

Stack: [0x000000a489b00000,0x000000a489c00000]
Native frames: (J=compiled Java code, j=interpreted, Vv=VM code, C=native code)
V  [jvm.dll+0x6100fa]
V  [jvm.dll+0x747090]
V  [jvm.dll+0x7486ad]
V  [jvm.dll+0x748d83]
V  [jvm.dll+0x24ab48]
V  [jvm.dll+0xc04dc]
V  [jvm.dll+0xc0a0c]
V  [jvm.dll+0x35eb9d]
V  [jvm.dll+0x19d9bc]
V  [jvm.dll+0x2033be]
V  [jvm.dll+0x202437]
V  [jvm.dll+0x188e01]
V  [jvm.dll+0x21106b]
V  [jvm.dll+0x20f8c1]
V  [jvm.dll+0x70de0f]
V  [jvm.dll+0x706a75]
V  [jvm.dll+0x60ed66]
C  [ucrtbase.dll+0x21bb2]
C  [KERNEL32.DLL+0x17614]
C  [ntdll.dll+0x526a1]


---------------  P R O C E S S  ---------------

Threads class SMR info:
_java_thread_list=0x00000255fe1861e0, length=89, elements={
0x00000255e307e800, 0x00000255fb94a000, 0x00000255fb94d000, 0x00000255fb9af800,
0x00000255fb9b1800, 0x00000255fb9b3000, 0x00000255fb9b8000, 0x00000255fb9ce800,
0x00000255fc322800, 0x00000255fc41d000, 0x00000255fcf8d000, 0x00000255fc8c4000,
0x00000255fe1f7800, 0x00000255fda06000, 0x00000255fd74e000, 0x00000255fd100800,
0x00000255fd1b0800, 0x00000255fd1b1000, 0x00000255fce44000, 0x00000255fce45000,
0x00000255fc95d000, 0x00000255fc958800, 0x00000255fc95c800, 0x00000255fc95e000,
0x00000255fc95f000, 0x00000255fc959000, 0x00000255fc95a000, 0x00000255fc95a800,
0x00000255fc95b800, 0x00000255fea3a000, 0x00000255fea3b800, 0x00000255fea40800,
0x00000255fea3c800, 0x00000255fea3f000, 0x00000255fea3e000, 0x00000255fea3b000,
0x00000255fea44800, 0x00000255fea40000, 0x00000255fea41800, 0x00000255fea43000,
0x00000255fea45800, 0x00000255fea46800, 0x00000255fea47000, 0x00000255fea48000,
0x00000255fea42000, 0x00000255fea48800, 0x00000255fea44000, 0x000002558210a800,
0x0000025582108800, 0x000002558210b000, 0x0000025582105800, 0x000002558210c000,
0x0000025582108000, 0x0000025582106000, 0x000002558210c800, 0x0000025582109800,
0x0000025582107000, 0x0000025582112800, 0x0000025582110000, 0x0000025582111000,
0x000002558210f000, 0x000002558210d800, 0x0000025582111800, 0x0000025582113800,
0x0000025582114000, 0x000002558210e800, 0x00000255fe6be000, 0x00000255fe6b9000,
0x00000255fe6bd000, 0x00000255fe6b9800, 0x00000255fe6b8000, 0x00000255fe6be800,
0x00000255fe6bf800, 0x00000255fe6c0800, 0x00000255fe6ba800, 0x00000255fe6c1000,
0x00000255fe6bb800, 0x00000255fe6c2000, 0x00000255fe6bc000, 0x00000255fe6c2800,
0x00000255fe6c7000, 0x00000255fe6c3800, 0x00000255fe6c4800, 0x00000255fe6c5000,
0x00000255fe6c6000, 0x0000025580eaa800, 0x0000025580eac000, 0x0000025580eac800,
0x0000025580ead800
}

Java Threads: ( => current thread )
  0x00000255e307e800 JavaThread "main" [_thread_blocked, id=7092, stack(0x000000a488f00000,0x000000a489000000)]
  0x00000255fb94a000 JavaThread "Reference Handler" daemon [_thread_blocked, id=5708, stack(0x000000a489600000,0x000000a489700000)]
  0x00000255fb94d000 JavaThread "Finalizer" daemon [_thread_blocked, id=9992, stack(0x000000a489700000,0x000000a489800000)]
  0x00000255fb9af800 JavaThread "Signal Dispatcher" daemon [_thread_blocked, id=8652, stack(0x000000a489800000,0x000000a489900000)]
  0x00000255fb9b1800 JavaThread "Attach Listener" daemon [_thread_blocked, id=5304, stack(0x000000a489900000,0x000000a489a00000)]
  0x00000255fb9b3000 JavaThread "Service Thread" daemon [_thread_blocked, id=4200, stack(0x000000a489a00000,0x000000a489b00000)]
=>0x00000255fb9b8000 JavaThread "C2 CompilerThread0" daemon [_thread_in_native, id=11160, stack(0x000000a489b00000,0x000000a489c00000)]
  0x00000255fb9ce800 JavaThread "C1 CompilerThread0" daemon [_thread_blocked, id=5552, stack(0x000000a489c00000,0x000000a489d00000)]
  0x00000255fc322800 JavaThread "Sweeper thread" daemon [_thread_blocked, id=3496, stack(0x000000a489d00000,0x000000a489e00000)]
  0x00000255fc41d000 JavaThread "Common-Cleaner" daemon [_thread_blocked, id=5236, stack(0x000000a489e00000,0x000000a489f00000)]
  0x00000255fcf8d000 JavaThread "Daemon health stats" [_thread_blocked, id=8812, stack(0x000000a48a100000,0x000000a48a200000)]
  0x00000255fc8c4000 JavaThread "Incoming local TCP Connector on port 57702" [_thread_in_native, id=9896, stack(0x000000a48a200000,0x000000a48a300000)]
  0x00000255fe1f7800 JavaThread "Daemon periodic checks" [_thread_blocked, id=1936, stack(0x000000a48a300000,0x000000a48a400000)]
  0x00000255fda06000 JavaThread "Daemon" [_thread_blocked, id=10416, stack(0x000000a48a400000,0x000000a48a500000)]
  0x00000255fd74e000 JavaThread "Handler for socket connection from /127.0.0.1:57702 to /127.0.0.1:57703" [_thread_in_native, id=6368, stack(0x000000a48a500000,0x000000a48a600000)]
  0x00000255fd100800 JavaThread "Cancel handler" [_thread_blocked, id=1564, stack(0x000000a48a600000,0x000000a48a700000)]
  0x00000255fd1b0800 JavaThread "Daemon worker" [_thread_blocked, id=1004, stack(0x000000a48a700000,0x000000a48a800000)]
  0x00000255fd1b1000 JavaThread "Asynchronous log dispatcher for DefaultDaemonConnection: socket connection from /127.0.0.1:57702 to /127.0.0.1:57703" [_thread_blocked, id=9060, stack(0x000000a48a800000,0x000000a48a900000)]
  0x00000255fce44000 JavaThread "Stdin handler" [_thread_blocked, id=7068, stack(0x000000a48a900000,0x000000a48aa00000)]
  0x00000255fce45000 JavaThread "Daemon client event forwarder" [_thread_blocked, id=8824, stack(0x000000a48aa00000,0x000000a48ab00000)]
  0x00000255fc95d000 JavaThread "Cache worker for journal cache (C:\Users\Evian\.gradle\caches\journal-1)" [_thread_blocked, id=6140, stack(0x000000a48ad00000,0x000000a48ae00000)]
  0x00000255fc958800 JavaThread "File lock request listener" [_thread_in_native, id=944, stack(0x000000a48ae00000,0x000000a48af00000)]
  0x00000255fc95c800 JavaThread "Cache worker for file hash cache (C:\Users\Evian\.gradle\caches\7.4\fileHashes)" [_thread_blocked, id=4224, stack(0x000000a48af00000,0x000000a48b000000)]
  0x00000255fc95e000 JavaThread "File watcher server" daemon [_thread_in_native, id=2852, stack(0x000000a48b000000,0x000000a48b100000)]
  0x00000255fc95f000 JavaThread "File watcher consumer" daemon [_thread_blocked, id=8244, stack(0x000000a48b100000,0x000000a48b200000)]
  0x00000255fc959000 JavaThread "Cache worker for checksums cache (C:\Users\Evian\Documents\project android\news_app_2010020017\android\.gradle\7.4\checksums)" [_thread_blocked, id=2188, stack(0x000000a48b200000,0x000000a48b300000)]
  0x00000255fc95a000 JavaThread "Cache worker for cache directory md-rule (C:\Users\Evian\.gradle\caches\7.4\md-rule)" [_thread_blocked, id=6568, stack(0x000000a48b300000,0x000000a48b400000)]
  0x00000255fc95a800 JavaThread "Cache worker for file hash cache (C:\Users\Evian\Documents\project android\news_app_2010020017\android\.gradle\7.4\fileHashes)" [_thread_blocked, id=10700, stack(0x000000a48b400000,0x000000a48b500000)]
  0x00000255fc95b800 JavaThread "Cache worker for cache directory md-supplier (C:\Users\Evian\.gradle\caches\7.4\md-supplier)" [_thread_blocked, id=3104, stack(0x000000a48b500000,0x000000a48b600000)]
  0x00000255fea3a000 JavaThread "Cache worker for execution history cache (C:\Users\Evian\.gradle\caches\7.4\executionHistory)" [_thread_blocked, id=9420, stack(0x000000a48b600000,0x000000a48b700000)]
  0x00000255fea3b800 JavaThread "jar transforms" [_thread_blocked, id=9548, stack(0x000000a48b800000,0x000000a48b900000)]
  0x00000255fea40800 JavaThread "jar transforms Thread 2" [_thread_blocked, id=1100, stack(0x000000a48b700000,0x000000a48b800000)]
  0x00000255fea3c800 JavaThread "Cache worker for file content cache (C:\Users\Evian\.gradle\caches\7.4\fileContent)" [_thread_blocked, id=8944, stack(0x000000a48b900000,0x000000a48ba00000)]
  0x00000255fea3f000 JavaThread "jar transforms Thread 3" [_thread_blocked, id=9356, stack(0x000000a48bb00000,0x000000a48bc00000)]
  0x00000255fea3e000 JavaThread "jar transforms Thread 4" [_thread_blocked, id=11060, stack(0x000000a48bc00000,0x000000a48bd00000)]
  0x00000255fea3b000 JavaThread "Cache worker for dependencies-accessors (C:\Users\Evian\Documents\project android\news_app_2010020017\android\.gradle\7.4\dependencies-accessors)" [_thread_blocked, id=10888, stack(0x000000a48ba00000,0x000000a48bb00000)]
  0x00000255fea44800 JavaThread "Cache worker for Build Output Cleanup Cache (C:\Users\Evian\Documents\project android\news_app_2010020017\android\.gradle\buildOutputCleanup)" [_thread_blocked, id=10440, stack(0x000000a48bd00000,0x000000a48be00000)]
  0x00000255fea40000 JavaThread "Unconstrained build operations" [_thread_blocked, id=6576, stack(0x000000a488d00000,0x000000a488e00000)]
  0x00000255fea41800 JavaThread "Unconstrained build operations Thread 2" [_thread_blocked, id=6920, stack(0x000000a488e00000,0x000000a488f00000)]
  0x00000255fea43000 JavaThread "Unconstrained build operations Thread 3" [_thread_blocked, id=10236, stack(0x000000a48c000000,0x000000a48c100000)]
  0x00000255fea45800 JavaThread "Unconstrained build operations Thread 4" [_thread_blocked, id=4920, stack(0x000000a48c100000,0x000000a48c200000)]
  0x00000255fea46800 JavaThread "Unconstrained build operations Thread 5" [_thread_blocked, id=2204, stack(0x000000a48c200000,0x000000a48c300000)]
  0x00000255fea47000 JavaThread "Unconstrained build operations Thread 6" [_thread_blocked, id=1304, stack(0x000000a48c300000,0x000000a48c400000)]
  0x00000255fea48000 JavaThread "Unconstrained build operations Thread 7" [_thread_blocked, id=6188, stack(0x000000a48c400000,0x000000a48c500000)]
  0x00000255fea42000 JavaThread "Unconstrained build operations Thread 8" [_thread_blocked, id=4424, stack(0x000000a48c500000,0x000000a48c600000)]
  0x00000255fea48800 JavaThread "Unconstrained build operations Thread 9" [_thread_blocked, id=10452, stack(0x000000a48c600000,0x000000a48c700000)]
  0x00000255fea44000 JavaThread "Unconstrained build operations Thread 10" [_thread_blocked, id=632, stack(0x000000a48c700000,0x000000a48c800000)]
  0x000002558210a800 JavaThread "Unconstrained build operations Thread 11" [_thread_blocked, id=9308, stack(0x000000a48c800000,0x000000a48c900000)]
  0x0000025582108800 JavaThread "Unconstrained build operations Thread 12" [_thread_blocked, id=3652, stack(0x000000a48c900000,0x000000a48ca00000)]
  0x000002558210b000 JavaThread "Unconstrained build operations Thread 13" [_thread_blocked, id=10796, stack(0x000000a48ca00000,0x000000a48cb00000)]
  0x0000025582105800 JavaThread "Unconstrained build operations Thread 14" [_thread_blocked, id=9772, stack(0x000000a48cb00000,0x000000a48cc00000)]
  0x000002558210c000 JavaThread "Unconstrained build operations Thread 15" [_thread_blocked, id=5632, stack(0x000000a48cc00000,0x000000a48cd00000)]
  0x0000025582108000 JavaThread "Unconstrained build operations Thread 16" [_thread_blocked, id=10636, stack(0x000000a48cd00000,0x000000a48ce00000)]
  0x0000025582106000 JavaThread "Unconstrained build operations Thread 17" [_thread_blocked, id=4036, stack(0x000000a48ce00000,0x000000a48cf00000)]
  0x000002558210c800 JavaThread "Unconstrained build operations Thread 18" [_thread_blocked, id=10336, stack(0x000000a48cf00000,0x000000a48d000000)]
  0x0000025582109800 JavaThread "Unconstrained build operations Thread 19" [_thread_blocked, id=9052, stack(0x000000a48d000000,0x000000a48d100000)]
  0x0000025582107000 JavaThread "Unconstrained build operations Thread 20" [_thread_blocked, id=1408, stack(0x000000a48d100000,0x000000a48d200000)]
  0x0000025582112800 JavaThread "Unconstrained build operations Thread 21" [_thread_blocked, id=2016, stack(0x000000a48d200000,0x000000a48d300000)]
  0x0000025582110000 JavaThread "Unconstrained build operations Thread 22" [_thread_blocked, id=9520, stack(0x000000a48d300000,0x000000a48d400000)]
  0x0000025582111000 JavaThread "Unconstrained build operations Thread 23" [_thread_blocked, id=2720, stack(0x000000a48d400000,0x000000a48d500000)]
  0x000002558210f000 JavaThread "Unconstrained build operations Thread 24" [_thread_blocked, id=4680, stack(0x000000a48d500000,0x000000a48d600000)]
  0x000002558210d800 JavaThread "Unconstrained build operations Thread 25" [_thread_blocked, id=3588, stack(0x000000a48d600000,0x000000a48d700000)]
  0x0000025582111800 JavaThread "Unconstrained build operations Thread 26" [_thread_blocked, id=3128, stack(0x000000a48d700000,0x000000a48d800000)]
  0x0000025582113800 JavaThread "Unconstrained build operations Thread 27" [_thread_blocked, id=5472, stack(0x000000a48d800000,0x000000a48d900000)]
  0x0000025582114000 JavaThread "Unconstrained build operations Thread 28" [_thread_blocked, id=9400, stack(0x000000a48d900000,0x000000a48da00000)]
  0x000002558210e800 JavaThread "Unconstrained build operations Thread 29" [_thread_blocked, id=9256, stack(0x000000a48da00000,0x000000a48db00000)]
  0x00000255fe6be000 JavaThread "Unconstrained build operations Thread 30" [_thread_blocked, id=9716, stack(0x000000a48db00000,0x000000a48dc00000)]
  0x00000255fe6b9000 JavaThread "Unconstrained build operations Thread 31" [_thread_blocked, id=8568, stack(0x000000a48dc00000,0x000000a48dd00000)]
  0x00000255fe6bd000 JavaThread "Unconstrained build operations Thread 32" [_thread_blocked, id=10136, stack(0x000000a48dd00000,0x000000a48de00000)]
  0x00000255fe6b9800 JavaThread "Unconstrained build operations Thread 33" [_thread_blocked, id=11256, stack(0x000000a48de00000,0x000000a48df00000)]
  0x00000255fe6b8000 JavaThread "Unconstrained build operations Thread 34" [_thread_blocked, id=3440, stack(0x000000a48df00000,0x000000a48e000000)]
  0x00000255fe6be800 JavaThread "Unconstrained build operations Thread 35" [_thread_blocked, id=3296, stack(0x000000a48e000000,0x000000a48e100000)]
  0x00000255fe6bf800 JavaThread "Unconstrained build operations Thread 36" [_thread_blocked, id=6628, stack(0x000000a48e100000,0x000000a48e200000)]
  0x00000255fe6c0800 JavaThread "Unconstrained build operations Thread 37" [_thread_blocked, id=11048, stack(0x000000a48e200000,0x000000a48e300000)]
  0x00000255fe6ba800 JavaThread "Unconstrained build operations Thread 38" [_thread_blocked, id=7360, stack(0x000000a48e300000,0x000000a48e400000)]
  0x00000255fe6c1000 JavaThread "Unconstrained build operations Thread 39" [_thread_blocked, id=3892, stack(0x000000a48e400000,0x000000a48e500000)]
  0x00000255fe6bb800 JavaThread "Unconstrained build operations Thread 40" [_thread_blocked, id=11008, stack(0x000000a48e500000,0x000000a48e600000)]
  0x00000255fe6c2000 JavaThread "Memory manager" [_thread_blocked, id=7200, stack(0x000000a48e600000,0x000000a48e700000)]
  0x00000255fe6bc000 JavaThread "build event listener" [_thread_blocked, id=4952, stack(0x000000a48e700000,0x000000a48e800000)]
  0x00000255fe6c2800 JavaThread "pool-3-thread-1" [_thread_blocked, id=4012, stack(0x000000a48e800000,0x000000a48e900000)]
  0x00000255fe6c7000 JavaThread "build event listener" [_thread_blocked, id=2208, stack(0x000000a48e900000,0x000000a48ea00000)]
  0x00000255fe6c3800 JavaThread "included builds" [_thread_blocked, id=8616, stack(0x000000a48ea00000,0x000000a48eb00000)]
  0x00000255fe6c4800 JavaThread "Execution worker for ':'" [_thread_blocked, id=704, stack(0x000000a48eb00000,0x000000a48ec00000)]
  0x00000255fe6c5000 JavaThread "Execution worker for ':' Thread 2" [_thread_blocked, id=2308, stack(0x000000a48ec00000,0x000000a48ed00000)]
  0x00000255fe6c6000 JavaThread "Execution worker for ':' Thread 3" [_thread_blocked, id=8916, stack(0x000000a48ed00000,0x000000a48ee00000)]
  0x0000025580eaa800 JavaThread "Cache worker for execution history cache (C:\Users\Evian\Documents\project android\news_app_2010020017\android\.gradle\7.4\executionHistory)" [_thread_blocked, id=1660, stack(0x000000a48ee00000,0x000000a48ef00000)]
  0x0000025580eac000 JavaThread "Exec process" [_thread_in_native, id=8496, stack(0x000000a48ef00000,0x000000a48f000000)]
  0x0000025580eac800 JavaThread "Exec process Thread 2" [_thread_in_native, id=3152, stack(0x000000a48f000000,0x000000a48f100000)]
  0x0000025580ead800 JavaThread "Exec process Thread 3" [_thread_in_native, id=10324, stack(0x000000a48f100000,0x000000a48f200000)]

Other Threads:
  0x00000255fb925000 VMThread "VM Thread" [stack: 0x000000a489500000,0x000000a489600000] [id=8980]
  0x00000255fc434000 WatcherThread [stack: 0x000000a489f00000,0x000000a48a000000] [id=2684]
  0x00000255e3096800 GCTaskThread "GC Thread#0" [stack: 0x000000a489000000,0x000000a489100000] [id=6872]
  0x00000255fc7c2800 GCTaskThread "GC Thread#1" [stack: 0x000000a48a000000,0x000000a48a100000] [id=6316]
  0x00000255fd798000 GCTaskThread "GC Thread#2" [stack: 0x000000a48ab00000,0x000000a48ac00000] [id=4808]
  0x00000255fdbd6800 GCTaskThread "GC Thread#3" [stack: 0x000000a48ac00000,0x000000a48ad00000] [id=8332]
  0x00000255e30bd800 ConcurrentGCThread "G1 Main Marker" [stack: 0x000000a489100000,0x000000a489200000] [id=476]
  0x00000255e30be800 ConcurrentGCThread "G1 Conc#0" [stack: 0x000000a489200000,0x000000a489300000] [id=6396]
  0x00000255e311d000 ConcurrentGCThread "G1 Refine#0" [stack: 0x000000a489300000,0x000000a489400000] [id=348]
  0x00000255e311e000 ConcurrentGCThread "G1 Young RemSet Sampling" [stack: 0x000000a489400000,0x000000a489500000] [id=5768]

Threads with active compile tasks:
C2 CompilerThread0 153791 10600       4       javax.management.ObjectName::construct (1135 bytes)

VM state:not at safepoint (normal execution)

VM Mutex/Monitor currently owned by a thread: None

Heap address: 0x00000000a0000000, size: 1536 MB, Compressed Oops mode: 32-bit
Narrow klass base: 0x0000000000000000, Narrow klass shift: 3
Compressed class space size: 1073741824 Address: 0x0000000100000000

Heap:
 garbage-first heap   total 183296K, used 119294K [0x00000000a0000000, 0x0000000100000000)
  region size 1024K, 35 young (35840K), 7 survivors (7168K)
 Metaspace       used 94718K, capacity 97464K, committed 97616K, reserved 1134592K
  class space    used 12205K, capacity 13229K, committed 13312K, reserved 1048576K
Heap Regions: E=young(eden), S=young(survivor), O=old, HS=humongous(starts), HC=humongous(continues), CS=collection set, F=free, A=archive, TAMS=top-at-mark-start (previous, next)
|   0|0x00000000a0000000, 0x00000000a0100000, 0x00000000a0100000|100%|HS|  |TAMS 0x00000000a0100000, 0x00000000a0000000| Complete 
|   1|0x00000000a0100000, 0x00000000a0200000, 0x00000000a0200000|100%|HC|  |TAMS 0x00000000a0200000, 0x00000000a0100000| Complete 
|   2|0x00000000a0200000, 0x00000000a0300000, 0x00000000a0300000|100%|HC|  |TAMS 0x00000000a0300000, 0x00000000a0200000| Complete 
|   3|0x00000000a0300000, 0x00000000a0400000, 0x00000000a0400000|100%| O|  |TAMS 0x00000000a0400000, 0x00000000a0300000| Untracked 
|   4|0x00000000a0400000, 0x00000000a0500000, 0x00000000a0500000|100%| O|  |TAMS 0x00000000a0500000, 0x00000000a0400000| Untracked 
|   5|0x00000000a0500000, 0x00000000a0600000, 0x00000000a0600000|100%| O|  |TAMS 0x00000000a0600000, 0x00000000a0500000| Untracked 
|   6|0x00000000a0600000, 0x00000000a0700000, 0x00000000a0700000|100%| O|  |TAMS 0x00000000a0700000, 0x00000000a0600000| Untracked 
|   7|0x00000000a0700000, 0x00000000a0800000, 0x00000000a0800000|100%| O|  |TAMS 0x00000000a0800000, 0x00000000a0700000| Untracked 
|   8|0x00000000a0800000, 0x00000000a0900000, 0x00000000a0900000|100%| O|  |TAMS 0x00000000a0900000, 0x00000000a0800000| Untracked 
|   9|0x00000000a0900000, 0x00000000a0a00000, 0x00000000a0a00000|100%| O|  |TAMS 0x00000000a0a00000, 0x00000000a0900000| Untracked 
|  10|0x00000000a0a00000, 0x00000000a0b00000, 0x00000000a0b00000|100%| O|  |TAMS 0x00000000a0b00000, 0x00000000a0a00000| Untracked 
|  11|0x00000000a0b00000, 0x00000000a0c00000, 0x00000000a0c00000|100%| O|  |TAMS 0x00000000a0c00000, 0x00000000a0b00000| Untracked 
|  12|0x00000000a0c00000, 0x00000000a0d00000, 0x00000000a0d00000|100%| O|  |TAMS 0x00000000a0d00000, 0x00000000a0c00000| Untracked 
|  13|0x00000000a0d00000, 0x00000000a0e00000, 0x00000000a0e00000|100%| O|  |TAMS 0x00000000a0e00000, 0x00000000a0d00000| Untracked 
|  14|0x00000000a0e00000, 0x00000000a0f00000, 0x00000000a0f00000|100%| O|  |TAMS 0x00000000a0f00000, 0x00000000a0e00000| Untracked 
|  15|0x00000000a0f00000, 0x00000000a1000000, 0x00000000a1000000|100%| O|  |TAMS 0x00000000a1000000, 0x00000000a0f00000| Untracked 
|  16|0x00000000a1000000, 0x00000000a1100000, 0x00000000a1100000|100%| O|  |TAMS 0x00000000a1100000, 0x00000000a1000000| Untracked 
|  17|0x00000000a1100000, 0x00000000a1200000, 0x00000000a1200000|100%| O|  |TAMS 0x00000000a1200000, 0x00000000a1100000| Untracked 
|  18|0x00000000a1200000, 0x00000000a1300000, 0x00000000a1300000|100%| O|  |TAMS 0x00000000a1300000, 0x00000000a1200000| Untracked 
|  19|0x00000000a1300000, 0x00000000a1400000, 0x00000000a1400000|100%| O|  |TAMS 0x00000000a1400000, 0x00000000a1300000| Untracked 
|  20|0x00000000a1400000, 0x00000000a1500000, 0x00000000a1500000|100%| O|  |TAMS 0x00000000a1500000, 0x00000000a1400000| Untracked 
|  21|0x00000000a1500000, 0x00000000a1600000, 0x00000000a1600000|100%| O|  |TAMS 0x00000000a1600000, 0x00000000a1500000| Untracked 
|  22|0x00000000a1600000, 0x00000000a1700000, 0x00000000a1700000|100%| O|  |TAMS 0x00000000a1700000, 0x00000000a1600000| Untracked 
|  23|0x00000000a1700000, 0x00000000a1800000, 0x00000000a1800000|100%| O|  |TAMS 0x00000000a1800000, 0x00000000a1700000| Untracked 
|  24|0x00000000a1800000, 0x00000000a1900000, 0x00000000a1900000|100%| O|  |TAMS 0x00000000a1900000, 0x00000000a1800000| Untracked 
|  25|0x00000000a1900000, 0x00000000a1a00000, 0x00000000a1a00000|100%| O|  |TAMS 0x00000000a1a00000, 0x00000000a1900000| Untracked 
|  26|0x00000000a1a00000, 0x00000000a1b00000, 0x00000000a1b00000|100%| O|  |TAMS 0x00000000a1b00000, 0x00000000a1a00000| Untracked 
|  27|0x00000000a1b00000, 0x00000000a1c00000, 0x00000000a1c00000|100%| O|  |TAMS 0x00000000a1c00000, 0x00000000a1b00000| Untracked 
|  28|0x00000000a1c00000, 0x00000000a1d00000, 0x00000000a1d00000|100%| O|  |TAMS 0x00000000a1d00000, 0x00000000a1c00000| Untracked 
|  29|0x00000000a1d00000, 0x00000000a1e00000, 0x00000000a1e00000|100%| O|  |TAMS 0x00000000a1e00000, 0x00000000a1d00000| Untracked 
|  30|0x00000000a1e00000, 0x00000000a1f00000, 0x00000000a1f00000|100%| O|  |TAMS 0x00000000a1f00000, 0x00000000a1e00000| Untracked 
|  31|0x00000000a1f00000, 0x00000000a2000000, 0x00000000a2000000|100%| O|  |TAMS 0x00000000a2000000, 0x00000000a1f00000| Untracked 
|  32|0x00000000a2000000, 0x00000000a2100000, 0x00000000a2100000|100%| O|  |TAMS 0x00000000a2100000, 0x00000000a2000000| Untracked 
|  33|0x00000000a2100000, 0x00000000a2200000, 0x00000000a2200000|100%|HS|  |TAMS 0x00000000a2200000, 0x00000000a2100000| Complete 
|  34|0x00000000a2200000, 0x00000000a2300000, 0x00000000a2300000|100%|HS|  |TAMS 0x00000000a2300000, 0x00000000a2200000| Complete 
|  35|0x00000000a2300000, 0x00000000a2400000, 0x00000000a2400000|100%|HS|  |TAMS 0x00000000a2400000, 0x00000000a2300000| Complete 
|  36|0x00000000a2400000, 0x00000000a2500000, 0x00000000a2500000|100%|HS|  |TAMS 0x00000000a2500000, 0x00000000a2400000| Complete 
|  37|0x00000000a2500000, 0x00000000a2600000, 0x00000000a2600000|100%| O|  |TAMS 0x00000000a2600000, 0x00000000a2500000| Untracked 
|  38|0x00000000a2600000, 0x00000000a2700000, 0x00000000a2700000|100%|HS|  |TAMS 0x00000000a2700000, 0x00000000a2600000| Complete 
|  39|0x00000000a2700000, 0x00000000a2800000, 0x00000000a2800000|100%|HC|  |TAMS 0x00000000a2800000, 0x00000000a2700000| Complete 
|  40|0x00000000a2800000, 0x00000000a2900000, 0x00000000a2900000|100%|HC|  |TAMS 0x00000000a2900000, 0x00000000a2800000| Complete 
|  41|0x00000000a2900000, 0x00000000a2a00000, 0x00000000a2a00000|100%| O|  |TAMS 0x00000000a2a00000, 0x00000000a2900000| Untracked 
|  42|0x00000000a2a00000, 0x00000000a2b00000, 0x00000000a2b00000|100%| O|  |TAMS 0x00000000a2b00000, 0x00000000a2a00000| Untracked 
|  43|0x00000000a2b00000, 0x00000000a2c00000, 0x00000000a2c00000|100%| O|  |TAMS 0x00000000a2c00000, 0x00000000a2b00000| Untracked 
|  44|0x00000000a2c00000, 0x00000000a2d00000, 0x00000000a2d00000|100%| O|  |TAMS 0x00000000a2d00000, 0x00000000a2c00000| Untracked 
|  45|0x00000000a2d00000, 0x00000000a2e00000, 0x00000000a2e00000|100%|HS|  |TAMS 0x00000000a2e00000, 0x00000000a2d00000| Complete 
|  46|0x00000000a2e00000, 0x00000000a2f00000, 0x00000000a2f00000|100%|HC|  |TAMS 0x00000000a2f00000, 0x00000000a2e00000| Complete 
|  47|0x00000000a2f00000, 0x00000000a3000000, 0x00000000a3000000|100%| O|  |TAMS 0x00000000a3000000, 0x00000000a2f00000| Untracked 
|  48|0x00000000a3000000, 0x00000000a3100000, 0x00000000a3100000|100%| O|  |TAMS 0x00000000a3100000, 0x00000000a3000000| Untracked 
|  49|0x00000000a3100000, 0x00000000a3200000, 0x00000000a3200000|100%| O|  |TAMS 0x00000000a3200000, 0x00000000a3100000| Untracked 
|  50|0x00000000a3200000, 0x00000000a3300000, 0x00000000a3300000|100%| O|  |TAMS 0x00000000a3300000, 0x00000000a3200000| Untracked 
|  51|0x00000000a3300000, 0x00000000a3400000, 0x00000000a3400000|100%| O|  |TAMS 0x00000000a3400000, 0x00000000a3300000| Untracked 
|  52|0x00000000a3400000, 0x00000000a3500000, 0x00000000a3500000|100%| O|  |TAMS 0x00000000a3500000, 0x00000000a3400000| Untracked 
|  53|0x00000000a3500000, 0x00000000a3600000, 0x00000000a3600000|100%| O|  |TAMS 0x00000000a3600000, 0x00000000a3500000| Untracked 
|  54|0x00000000a3600000, 0x00000000a3700000, 0x00000000a3700000|100%| O|  |TAMS 0x00000000a3700000, 0x00000000a3600000| Untracked 
|  55|0x00000000a3700000, 0x00000000a3800000, 0x00000000a3800000|100%| O|  |TAMS 0x00000000a3800000, 0x00000000a3700000| Untracked 
|  56|0x00000000a3800000, 0x00000000a3900000, 0x00000000a3900000|100%| O|  |TAMS 0x00000000a3900000, 0x00000000a3800000| Untracked 
|  57|0x00000000a3900000, 0x00000000a3a00000, 0x00000000a3a00000|100%| O|  |TAMS 0x00000000a3a00000, 0x00000000a3900000| Untracked 
|  58|0x00000000a3a00000, 0x00000000a3b00000, 0x00000000a3b00000|100%| O|  |TAMS 0x00000000a3b00000, 0x00000000a3a00000| Untracked 
|  59|0x00000000a3b00000, 0x00000000a3c00000, 0x00000000a3c00000|100%| O|  |TAMS 0x00000000a3c00000, 0x00000000a3b00000| Untracked 
|  60|0x00000000a3c00000, 0x00000000a3d00000, 0x00000000a3d00000|100%| O|  |TAMS 0x00000000a3d00000, 0x00000000a3c00000| Untracked 
|  61|0x00000000a3d00000, 0x00000000a3e00000, 0x00000000a3e00000|100%|HS|  |TAMS 0x00000000a3e00000, 0x00000000a3d00000| Complete 
|  62|0x00000000a3e00000, 0x00000000a3f00000, 0x00000000a3f00000|100%| O|  |TAMS 0x00000000a3f00000, 0x00000000a3e00000| Untracked 
|  63|0x00000000a3f00000, 0x00000000a4000000, 0x00000000a4000000|100%| O|  |TAMS 0x00000000a4000000, 0x00000000a3f00000| Untracked 
|  64|0x00000000a4000000, 0x00000000a4100000, 0x00000000a4100000|100%|HS|  |TAMS 0x00000000a4100000, 0x00000000a4000000| Complete 
|  65|0x00000000a4100000, 0x00000000a4200000, 0x00000000a4200000|100%|HC|  |TAMS 0x00000000a4200000, 0x00000000a4100000| Complete 
|  66|0x00000000a4200000, 0x00000000a4300000, 0x00000000a4300000|100%| O|  |TAMS 0x00000000a4300000, 0x00000000a4200000| Untracked 
|  67|0x00000000a4300000, 0x00000000a4400000, 0x00000000a4400000|100%| O|  |TAMS 0x00000000a4400000, 0x00000000a4300000| Untracked 
|  68|0x00000000a4400000, 0x00000000a4500000, 0x00000000a4500000|100%| O|  |TAMS 0x00000000a4500000, 0x00000000a4400000| Untracked 
|  69|0x00000000a4500000, 0x00000000a4600000, 0x00000000a4600000|100%| O|  |TAMS 0x00000000a4600000, 0x00000000a4500000| Untracked 
|  70|0x00000000a4600000, 0x00000000a4700000, 0x00000000a4700000|100%| O|  |TAMS 0x00000000a4700000, 0x00000000a4600000| Untracked 
|  71|0x00000000a4700000, 0x00000000a4800000, 0x00000000a4800000|100%| O|  |TAMS 0x00000000a4800000, 0x00000000a4700000| Untracked 
|  72|0x00000000a4800000, 0x00000000a4900000, 0x00000000a4900000|100%| O|  |TAMS 0x00000000a4900000, 0x00000000a4800000| Untracked 
|  73|0x00000000a4900000, 0x00000000a4a00000, 0x00000000a4a00000|100%| O|  |TAMS 0x00000000a4a00000, 0x00000000a4900000| Untracked 
|  74|0x00000000a4a00000, 0x00000000a4b00000, 0x00000000a4b00000|100%| O|  |TAMS 0x00000000a4b00000, 0x00000000a4a00000| Untracked 
|  75|0x00000000a4b00000, 0x00000000a4c00000, 0x00000000a4c00000|100%| O|  |TAMS 0x00000000a4c00000, 0x00000000a4b00000| Untracked 
|  76|0x00000000a4c00000, 0x00000000a4d00000, 0x00000000a4d00000|100%| O|  |TAMS 0x00000000a4d00000, 0x00000000a4c00000| Untracked 
|  77|0x00000000a4d00000, 0x00000000a4e00000, 0x00000000a4e00000|100%| O|  |TAMS 0x00000000a4e00000, 0x00000000a4d00000| Untracked 
|  78|0x00000000a4e00000, 0x00000000a4f00000, 0x00000000a4f00000|100%| O|  |TAMS 0x00000000a4f00000, 0x00000000a4e00000| Untracked 
|  79|0x00000000a4f00000, 0x00000000a5000000, 0x00000000a5000000|100%| O|  |TAMS 0x00000000a5000000, 0x00000000a4f00000| Untracked 
|  80|0x00000000a5000000, 0x00000000a5100000, 0x00000000a5100000|100%| O|  |TAMS 0x00000000a5100000, 0x00000000a5000000| Untracked 
|  81|0x00000000a5100000, 0x00000000a5200000, 0x00000000a5200000|100%| O|  |TAMS 0x00000000a5200000, 0x00000000a5100000| Untracked 
|  82|0x00000000a5200000, 0x00000000a5300000, 0x00000000a5300000|100%| O|  |TAMS 0x00000000a5300000, 0x00000000a5200000| Untracked 
|  83|0x00000000a5300000, 0x00000000a5300000, 0x00000000a5400000|  0%| F|  |TAMS 0x00000000a5300000, 0x00000000a5300000| Untracked 
|  84|0x00000000a5400000, 0x00000000a5400000, 0x00000000a5500000|  0%| F|  |TAMS 0x00000000a5400000, 0x00000000a5400000| Untracked 
|  85|0x00000000a5500000, 0x00000000a5500000, 0x00000000a5600000|  0%| F|  |TAMS 0x00000000a5500000, 0x00000000a5500000| Untracked 
|  86|0x00000000a5600000, 0x00000000a5600000, 0x00000000a5700000|  0%| F|  |TAMS 0x00000000a5600000, 0x00000000a5600000| Untracked 
|  87|0x00000000a5700000, 0x00000000a5700000, 0x00000000a5800000|  0%| F|  |TAMS 0x00000000a5700000, 0x00000000a5700000| Untracked 
|  88|0x00000000a5800000, 0x00000000a5800000, 0x00000000a5900000|  0%| F|  |TAMS 0x00000000a5800000, 0x00000000a5800000| Untracked 
|  89|0x00000000a5900000, 0x00000000a5900000, 0x00000000a5a00000|  0%| F|  |TAMS 0x00000000a5900000, 0x00000000a5900000| Untracked 
|  90|0x00000000a5a00000, 0x00000000a5a00000, 0x00000000a5b00000|  0%| F|  |TAMS 0x00000000a5a00000, 0x00000000a5a00000| Untracked 
|  91|0x00000000a5b00000, 0x00000000a5b00000, 0x00000000a5c00000|  0%| F|  |TAMS 0x00000000a5b00000, 0x00000000a5b00000| Untracked 
|  92|0x00000000a5c00000, 0x00000000a5c00000, 0x00000000a5d00000|  0%| F|  |TAMS 0x00000000a5c00000, 0x00000000a5c00000| Untracked 
|  93|0x00000000a5d00000, 0x00000000a5d00000, 0x00000000a5e00000|  0%| F|  |TAMS 0x00000000a5d00000, 0x00000000a5d00000| Untracked 
|  94|0x00000000a5e00000, 0x00000000a5e00000, 0x00000000a5f00000|  0%| F|  |TAMS 0x00000000a5e00000, 0x00000000a5e00000| Untracked 
|  95|0x00000000a5f00000, 0x00000000a5f00000, 0x00000000a6000000|  0%| F|  |TAMS 0x00000000a5f00000, 0x00000000a5f00000| Untracked 
|  96|0x00000000a6000000, 0x00000000a6000000, 0x00000000a6100000|  0%| F|  |TAMS 0x00000000a6000000, 0x00000000a6000000| Untracked 
|  97|0x00000000a6100000, 0x00000000a6100000, 0x00000000a6200000|  0%| F|  |TAMS 0x00000000a6100000, 0x00000000a6100000| Untracked 
|  98|0x00000000a6200000, 0x00000000a6200000, 0x00000000a6300000|  0%| F|  |TAMS 0x00000000a6200000, 0x00000000a6200000| Untracked 
|  99|0x00000000a6300000, 0x00000000a6300000, 0x00000000a6400000|  0%| F|  |TAMS 0x00000000a6300000, 0x00000000a6300000| Untracked 
| 100|0x00000000a6400000, 0x00000000a6400000, 0x00000000a6500000|  0%| F|  |TAMS 0x00000000a6400000, 0x00000000a6400000| Untracked 
| 101|0x00000000a6500000, 0x00000000a6500000, 0x00000000a6600000|  0%| F|  |TAMS 0x00000000a6500000, 0x00000000a6500000| Untracked 
| 102|0x00000000a6600000, 0x00000000a6600000, 0x00000000a6700000|  0%| F|  |TAMS 0x00000000a6600000, 0x00000000a6600000| Untracked 
| 103|0x00000000a6700000, 0x00000000a6700000, 0x00000000a6800000|  0%| F|  |TAMS 0x00000000a6700000, 0x00000000a6700000| Untracked 
| 104|0x00000000a6800000, 0x00000000a6800000, 0x00000000a6900000|  0%| F|  |TAMS 0x00000000a6800000, 0x00000000a6800000| Untracked 
| 105|0x00000000a6900000, 0x00000000a6900000, 0x00000000a6a00000|  0%| F|  |TAMS 0x00000000a6900000, 0x00000000a6900000| Untracked 
| 106|0x00000000a6a00000, 0x00000000a6a00000, 0x00000000a6b00000|  0%| F|  |TAMS 0x00000000a6a00000, 0x00000000a6a00000| Untracked 
| 107|0x00000000a6b00000, 0x00000000a6b00000, 0x00000000a6c00000|  0%| F|  |TAMS 0x00000000a6b00000, 0x00000000a6b00000| Untracked 
| 108|0x00000000a6c00000, 0x00000000a6c00000, 0x00000000a6d00000|  0%| F|  |TAMS 0x00000000a6c00000, 0x00000000a6c00000| Untracked 
| 109|0x00000000a6d00000, 0x00000000a6d00000, 0x00000000a6e00000|  0%| F|  |TAMS 0x00000000a6d00000, 0x00000000a6d00000| Untracked 
| 110|0x00000000a6e00000, 0x00000000a6e00000, 0x00000000a6f00000|  0%| F|  |TAMS 0x00000000a6e00000, 0x00000000a6e00000| Untracked 
| 111|0x00000000a6f00000, 0x00000000a6f00000, 0x00000000a7000000|  0%| F|  |TAMS 0x00000000a6f00000, 0x00000000a6f00000| Untracked 
| 112|0x00000000a7000000, 0x00000000a7000000, 0x00000000a7100000|  0%| F|  |TAMS 0x00000000a7000000, 0x00000000a7000000| Untracked 
| 113|0x00000000a7100000, 0x00000000a7100000, 0x00000000a7200000|  0%| F|  |TAMS 0x00000000a7100000, 0x00000000a7100000| Untracked 
| 114|0x00000000a7200000, 0x00000000a7200000, 0x00000000a7300000|  0%| F|  |TAMS 0x00000000a7200000, 0x00000000a7200000| Untracked 
| 115|0x00000000a7300000, 0x00000000a7300000, 0x00000000a7400000|  0%| F|  |TAMS 0x00000000a7300000, 0x00000000a7300000| Untracked 
| 116|0x00000000a7400000, 0x00000000a7400000, 0x00000000a7500000|  0%| F|  |TAMS 0x00000000a7400000, 0x00000000a7400000| Untracked 
| 117|0x00000000a7500000, 0x00000000a7500000, 0x00000000a7600000|  0%| F|  |TAMS 0x00000000a7500000, 0x00000000a7500000| Untracked 
| 118|0x00000000a7600000, 0x00000000a7600000, 0x00000000a7700000|  0%| F|  |TAMS 0x00000000a7600000, 0x00000000a7600000| Untracked 
| 119|0x00000000a7700000, 0x00000000a7700000, 0x00000000a7800000|  0%| F|  |TAMS 0x00000000a7700000, 0x00000000a7700000| Untracked 
| 120|0x00000000a7800000, 0x00000000a7800000, 0x00000000a7900000|  0%| F|  |TAMS 0x00000000a7800000, 0x00000000a7800000| Untracked 
| 121|0x00000000a7900000, 0x00000000a7900000, 0x00000000a7a00000|  0%| F|  |TAMS 0x00000000a7900000, 0x00000000a7900000| Untracked 
| 122|0x00000000a7a00000, 0x00000000a7a00000, 0x00000000a7b00000|  0%| F|  |TAMS 0x00000000a7a00000, 0x00000000a7a00000| Untracked 
| 123|0x00000000a7b00000, 0x00000000a7b7f950, 0x00000000a7c00000| 49%| S|CS|TAMS 0x00000000a7b00000, 0x00000000a7b00000| Complete 
| 124|0x00000000a7c00000, 0x00000000a7d00000, 0x00000000a7d00000|100%| S|CS|TAMS 0x00000000a7c00000, 0x00000000a7c00000| Complete 
| 125|0x00000000a7d00000, 0x00000000a7d00000, 0x00000000a7e00000|  0%| F|  |TAMS 0x00000000a7d00000, 0x00000000a7d00000| Untracked 
| 126|0x00000000a7e00000, 0x00000000a7e00000, 0x00000000a7f00000|  0%| F|  |TAMS 0x00000000a7e00000, 0x00000000a7e00000| Untracked 
| 127|0x00000000a7f00000, 0x00000000a7f00000, 0x00000000a8000000|  0%| F|  |TAMS 0x00000000a7f00000, 0x00000000a7f00000| Untracked 
| 128|0x00000000a8000000, 0x00000000a8000000, 0x00000000a8100000|  0%| F|  |TAMS 0x00000000a8000000, 0x00000000a8000000| Untracked 
| 129|0x00000000a8100000, 0x00000000a8200000, 0x00000000a8200000|100%| S|CS|TAMS 0x00000000a8100000, 0x00000000a8100000| Complete 
| 130|0x00000000a8200000, 0x00000000a8300000, 0x00000000a8300000|100%| S|CS|TAMS 0x00000000a8200000, 0x00000000a8200000| Complete 
| 131|0x00000000a8300000, 0x00000000a8400000, 0x00000000a8400000|100%| S|CS|TAMS 0x00000000a8300000, 0x00000000a8300000| Complete 
| 132|0x00000000a8400000, 0x00000000a8500000, 0x00000000a8500000|100%| S|CS|TAMS 0x00000000a8400000, 0x00000000a8400000| Complete 
| 133|0x00000000a8500000, 0x00000000a8600000, 0x00000000a8600000|100%| S|CS|TAMS 0x00000000a8500000, 0x00000000a8500000| Complete 
| 134|0x00000000a8600000, 0x00000000a8600000, 0x00000000a8700000|  0%| F|  |TAMS 0x00000000a8600000, 0x00000000a8600000| Untracked 
| 135|0x00000000a8700000, 0x00000000a8700000, 0x00000000a8800000|  0%| F|  |TAMS 0x00000000a8700000, 0x00000000a8700000| Untracked 
| 136|0x00000000a8800000, 0x00000000a8800000, 0x00000000a8900000|  0%| F|  |TAMS 0x00000000a8800000, 0x00000000a8800000| Untracked 
| 137|0x00000000a8900000, 0x00000000a8900000, 0x00000000a8a00000|  0%| F|  |TAMS 0x00000000a8900000, 0x00000000a8900000| Untracked 
| 138|0x00000000a8a00000, 0x00000000a8a00000, 0x00000000a8b00000|  0%| F|  |TAMS 0x00000000a8a00000, 0x00000000a8a00000| Untracked 
| 139|0x00000000a8b00000, 0x00000000a8b00000, 0x00000000a8c00000|  0%| F|  |TAMS 0x00000000a8b00000, 0x00000000a8b00000| Untracked 
| 140|0x00000000a8c00000, 0x00000000a8c00000, 0x00000000a8d00000|  0%| F|  |TAMS 0x00000000a8c00000, 0x00000000a8c00000| Untracked 
| 141|0x00000000a8d00000, 0x00000000a8d00000, 0x00000000a8e00000|  0%| F|  |TAMS 0x00000000a8d00000, 0x00000000a8d00000| Untracked 
| 142|0x00000000a8e00000, 0x00000000a8e00000, 0x00000000a8f00000|  0%| F|  |TAMS 0x00000000a8e00000, 0x00000000a8e00000| Untracked 
| 143|0x00000000a8f00000, 0x00000000a8f00000, 0x00000000a9000000|  0%| F|  |TAMS 0x00000000a8f00000, 0x00000000a8f00000| Untracked 
| 144|0x00000000a9000000, 0x00000000a9000000, 0x00000000a9100000|  0%| F|  |TAMS 0x00000000a9000000, 0x00000000a9000000| Untracked 
| 145|0x00000000a9100000, 0x00000000a9100000, 0x00000000a9200000|  0%| F|  |TAMS 0x00000000a9100000, 0x00000000a9100000| Untracked 
| 146|0x00000000a9200000, 0x00000000a9200000, 0x00000000a9300000|  0%| F|  |TAMS 0x00000000a9200000, 0x00000000a9200000| Untracked 
| 147|0x00000000a9300000, 0x00000000a9300000, 0x00000000a9400000|  0%| F|  |TAMS 0x00000000a9300000, 0x00000000a9300000| Untracked 
| 148|0x00000000a9400000, 0x00000000a9400000, 0x00000000a9500000|  0%| F|  |TAMS 0x00000000a9400000, 0x00000000a9400000| Untracked 
| 149|0x00000000a9500000, 0x00000000a9500000, 0x00000000a9600000|  0%| F|  |TAMS 0x00000000a9500000, 0x00000000a9500000| Untracked 
| 150|0x00000000a9600000, 0x00000000a9600000, 0x00000000a9700000|  0%| F|  |TAMS 0x00000000a9600000, 0x00000000a9600000| Untracked 
| 151|0x00000000a9700000, 0x00000000a97968c8, 0x00000000a9800000| 58%| E|  |TAMS 0x00000000a9700000, 0x00000000a9700000| Complete 
| 152|0x00000000a9800000, 0x00000000a9900000, 0x00000000a9900000|100%| E|CS|TAMS 0x00000000a9800000, 0x00000000a9800000| Complete 
| 153|0x00000000a9900000, 0x00000000a9a00000, 0x00000000a9a00000|100%| E|CS|TAMS 0x00000000a9900000, 0x00000000a9900000| Complete 
| 154|0x00000000a9a00000, 0x00000000a9b00000, 0x00000000a9b00000|100%| E|CS|TAMS 0x00000000a9a00000, 0x00000000a9a00000| Complete 
| 155|0x00000000a9b00000, 0x00000000a9c00000, 0x00000000a9c00000|100%| E|CS|TAMS 0x00000000a9b00000, 0x00000000a9b00000| Complete 
| 156|0x00000000a9c00000, 0x00000000a9d00000, 0x00000000a9d00000|100%| E|CS|TAMS 0x00000000a9c00000, 0x00000000a9c00000| Complete 
| 157|0x00000000a9d00000, 0x00000000a9e00000, 0x00000000a9e00000|100%| E|CS|TAMS 0x00000000a9d00000, 0x00000000a9d00000| Complete 
| 158|0x00000000a9e00000, 0x00000000a9f00000, 0x00000000a9f00000|100%| E|CS|TAMS 0x00000000a9e00000, 0x00000000a9e00000| Complete 
| 159|0x00000000a9f00000, 0x00000000aa000000, 0x00000000aa000000|100%| E|CS|TAMS 0x00000000a9f00000, 0x00000000a9f00000| Complete 
| 160|0x00000000aa000000, 0x00000000aa100000, 0x00000000aa100000|100%| E|CS|TAMS 0x00000000aa000000, 0x00000000aa000000| Complete 
| 161|0x00000000aa100000, 0x00000000aa200000, 0x00000000aa200000|100%| E|CS|TAMS 0x00000000aa100000, 0x00000000aa100000| Complete 
| 162|0x00000000aa200000, 0x00000000aa300000, 0x00000000aa300000|100%| E|CS|TAMS 0x00000000aa200000, 0x00000000aa200000| Complete 
| 163|0x00000000aa300000, 0x00000000aa400000, 0x00000000aa400000|100%| E|CS|TAMS 0x00000000aa300000, 0x00000000aa300000| Complete 
| 164|0x00000000aa400000, 0x00000000aa500000, 0x00000000aa500000|100%| E|CS|TAMS 0x00000000aa400000, 0x00000000aa400000| Complete 
| 165|0x00000000aa500000, 0x00000000aa600000, 0x00000000aa600000|100%| E|CS|TAMS 0x00000000aa500000, 0x00000000aa500000| Complete 
| 166|0x00000000aa600000, 0x00000000aa700000, 0x00000000aa700000|100%| E|CS|TAMS 0x00000000aa600000, 0x00000000aa600000| Complete 
| 167|0x00000000aa700000, 0x00000000aa800000, 0x00000000aa800000|100%| E|CS|TAMS 0x00000000aa700000, 0x00000000aa700000| Complete 
| 168|0x00000000aa800000, 0x00000000aa900000, 0x00000000aa900000|100%| E|CS|TAMS 0x00000000aa800000, 0x00000000aa800000| Complete 
| 169|0x00000000aa900000, 0x00000000aaa00000, 0x00000000aaa00000|100%| E|CS|TAMS 0x00000000aa900000, 0x00000000aa900000| Complete 
| 170|0x00000000aaa00000, 0x00000000aab00000, 0x00000000aab00000|100%| E|CS|TAMS 0x00000000aaa00000, 0x00000000aaa00000| Complete 
| 171|0x00000000aab00000, 0x00000000aac00000, 0x00000000aac00000|100%| E|CS|TAMS 0x00000000aab00000, 0x00000000aab00000| Complete 
| 172|0x00000000aac00000, 0x00000000aad00000, 0x00000000aad00000|100%| E|CS|TAMS 0x00000000aac00000, 0x00000000aac00000| Complete 
| 173|0x00000000aad00000, 0x00000000aae00000, 0x00000000aae00000|100%| E|CS|TAMS 0x00000000aad00000, 0x00000000aad00000| Complete 
| 174|0x00000000aae00000, 0x00000000aaf00000, 0x00000000aaf00000|100%| E|CS|TAMS 0x00000000aae00000, 0x00000000aae00000| Complete 
| 175|0x00000000aaf00000, 0x00000000ab000000, 0x00000000ab000000|100%| E|CS|TAMS 0x00000000aaf00000, 0x00000000aaf00000| Complete 
| 176|0x00000000ab000000, 0x00000000ab100000, 0x00000000ab100000|100%| E|CS|TAMS 0x00000000ab000000, 0x00000000ab000000| Complete 
| 177|0x00000000ab100000, 0x00000000ab200000, 0x00000000ab200000|100%| E|CS|TAMS 0x00000000ab100000, 0x00000000ab100000| Complete 
| 178|0x00000000ab200000, 0x00000000ab300000, 0x00000000ab300000|100%| E|CS|TAMS 0x00000000ab200000, 0x00000000ab200000| Complete 

Card table byte_map: [0x00000255f5ea0000,0x00000255f61a0000] _byte_map_base: 0x00000255f59a0000

Marking Bits (Prev, Next): (CMBitMap*) 0x00000255e30b69f0, (CMBitMap*) 0x00000255e30b69b8
 Prev Bits: [0x00000255f7ca0000, 0x00000255f94a0000)
 Next Bits: [0x00000255f64a0000, 0x00000255f7ca0000)

Polling page: 0x00000255e1040000

Metaspace:

Usage:
  Non-class:     82.26 MB capacity,    80.58 MB ( 98%) used,     1.42 MB (  2%) free+waste,   265.00 KB ( <1%) overhead. 
      Class:     12.92 MB capacity,    11.92 MB ( 92%) used,   900.45 KB (  7%) free+waste,   122.63 KB ( <1%) overhead. 
       Both:     95.18 MB capacity,    92.50 MB ( 97%) used,     2.30 MB (  2%) free+waste,   387.63 KB ( <1%) overhead. 

Virtual space:
  Non-class space:       84.00 MB reserved,      82.33 MB ( 98%) committed 
      Class space:        1.00 GB reserved,      13.00 MB (  1%) committed 
             Both:        1.08 GB reserved,      95.33 MB (  9%) committed 

Chunk freelists:
   Non-Class:  5.00 KB
       Class:  19.00 KB
        Both:  24.00 KB

MaxMetaspaceSize: 17179869184.00 GB
CompressedClassSpaceSize: 1.00 GB
Initial GC threshold: 20.80 MB
Current GC threshold: 154.30 MB
CDS: off

CodeHeap 'non-profiled nmethods': size=120064Kb used=6260Kb max_used=6260Kb free=113803Kb
 bounds [0x00000255ee660000, 0x00000255eec80000, 0x00000255f5ba0000]
CodeHeap 'profiled nmethods': size=120000Kb used=22634Kb max_used=22634Kb free=97365Kb
 bounds [0x00000255e7130000, 0x00000255e8750000, 0x00000255ee660000]
CodeHeap 'non-nmethods': size=5696Kb used=2383Kb max_used=2432Kb free=3312Kb
 bounds [0x00000255e6ba0000, 0x00000255e6e10000, 0x00000255e7130000]
 total_blobs=11329 nmethods=10423 adapters=818
 compilation: enabled
              stopped_count=0, restarted_count=0
 full_count=0

Compilation events (20 events):
Event: 148.392 Thread 0x00000255fb9ce800 nmethod 10590 0x00000255e8743090 code [0x00000255e8743360, 0x00000255e87442c8]
Event: 150.121 Thread 0x00000255fb9ce800 10591   !   3       java.io.BufferedWriter::flushBuffer (53 bytes)
Event: 150.122 Thread 0x00000255fb9ce800 nmethod 10591 0x00000255e8744910 code [0x00000255e8744b00, 0x00000255e8745098]
Event: 150.134 Thread 0x00000255fb9ce800 10592   !   3       java.nio.charset.Charset::defaultCharset (53 bytes)
Event: 150.135 Thread 0x00000255fb9b8000 10593       4       org.gradle.internal.logging.text.AbstractLineChoppingStyledTextOutput$1::execute (9 bytes)
Event: 150.136 Thread 0x00000255fb9ce800 nmethod 10592 0x00000255e8745310 code [0x00000255e8745600, 0x00000255e8746538]
Event: 150.137 Thread 0x00000255fb9ce800 10595   !   3       java.io.PrintStream::write (83 bytes)
Event: 150.139 Thread 0x00000255fb9ce800 nmethod 10595 0x00000255e8746b10 code [0x00000255e8746dc0, 0x00000255e8747b58]
Event: 150.139 Thread 0x00000255fb9ce800 10594       3       java.io.OutputStreamWriter::flushBuffer (8 bytes)
Event: 150.140 Thread 0x00000255fb9ce800 nmethod 10594 0x00000255e8748190 code [0x00000255e8748340, 0x00000255e8748468]
Event: 150.156 Thread 0x00000255fb9b8000 nmethod 10593 0x00000255eec7c510 code [0x00000255eec7c700, 0x00000255eec7cd08]
Event: 150.315 Thread 0x00000255fb9ce800 10596       3       org.gradle.internal.io.LineBufferingOutputStream::write (59 bytes)
Event: 150.318 Thread 0x00000255fb9ce800 nmethod 10596 0x00000255e8748510 code [0x00000255e87487e0, 0x00000255e87495b8]
Event: 150.318 Thread 0x00000255fb9ce800 10597       3       org.gradle.internal.io.StreamByteBuffer$StreamByteBufferOutputStream::write (22 bytes)
Event: 150.319 Thread 0x00000255fb9ce800 nmethod 10597 0x00000255e8749b10 code [0x00000255e8749ce0, 0x00000255e8749f68]
Event: 150.319 Thread 0x00000255fb9ce800 10598       3       org.gradle.internal.io.StreamByteBuffer$StreamByteBufferChunk::write (32 bytes)
Event: 150.320 Thread 0x00000255fb9ce800 nmethod 10598 0x00000255e874a110 code [0x00000255e874a2c0, 0x00000255e874a458]
Event: 150.320 Thread 0x00000255fb9ce800 10599       3       org.gradle.internal.io.LineBufferingOutputStream::endsWithLineSeparator (27 bytes)
Event: 150.320 Thread 0x00000255fb9ce800 nmethod 10599 0x00000255e874a510 code [0x00000255e874a6c0, 0x00000255e874a858]
Event: 150.748 Thread 0x00000255fb9b8000 10600       4       javax.management.ObjectName::construct (1135 bytes)

GC Heap History (20 events):
Event: 120.091 GC heap before
{Heap before GC invocations=79 (full 0):
 garbage-first heap   total 98304K, used 79922K [0x00000000a0000000, 0x0000000100000000)
  region size 1024K, 8 young (8192K), 1 survivors (1024K)
 Metaspace       used 74600K, capacity 76475K, committed 76752K, reserved 1116160K
  class space    used 9339K, capacity 10013K, committed 10112K, reserved 1048576K
}
Event: 120.099 GC heap after
{Heap after GC invocations=80 (full 0):
 garbage-first heap   total 98304K, used 73168K [0x00000000a0000000, 0x0000000100000000)
  region size 1024K, 1 young (1024K), 1 survivors (1024K)
 Metaspace       used 74600K, capacity 76475K, committed 76752K, reserved 1116160K
  class space    used 9339K, capacity 10013K, committed 10112K, reserved 1048576K
}
Event: 120.444 GC heap before
{Heap before GC invocations=80 (full 0):
 garbage-first heap   total 98304K, used 80336K [0x00000000a0000000, 0x0000000100000000)
  region size 1024K, 8 young (8192K), 1 survivors (1024K)
 Metaspace       used 74744K, capacity 76621K, committed 76752K, reserved 1116160K
  class space    used 9355K, capacity 10019K, committed 10112K, reserved 1048576K
}
Event: 120.450 GC heap after
{Heap after GC invocations=81 (full 0):
 garbage-first heap   total 98304K, used 73800K [0x00000000a0000000, 0x0000000100000000)
  region size 1024K, 1 young (1024K), 1 survivors (1024K)
 Metaspace       used 74744K, capacity 76621K, committed 76752K, reserved 1116160K
  class space    used 9355K, capacity 10019K, committed 10112K, reserved 1048576K
}
Event: 120.607 GC heap before
{Heap before GC invocations=82 (full 0):
 garbage-first heap   total 98304K, used 80968K [0x00000000a0000000, 0x0000000100000000)
  region size 1024K, 8 young (8192K), 1 survivors (1024K)
 Metaspace       used 74744K, capacity 76621K, committed 76752K, reserved 1116160K
  class space    used 9355K, capacity 10019K, committed 10112K, reserved 1048576K
}
Event: 120.615 GC heap after
{Heap after GC invocations=83 (full 0):
 garbage-first heap   total 145408K, used 74052K [0x00000000a0000000, 0x0000000100000000)
  region size 1024K, 1 young (1024K), 1 survivors (1024K)
 Metaspace       used 74744K, capacity 76621K, committed 76752K, reserved 1116160K
  class space    used 9355K, capacity 10019K, committed 10112K, reserved 1048576K
}
Event: 121.877 GC heap before
{Heap before GC invocations=83 (full 0):
 garbage-first heap   total 145408K, used 96580K [0x00000000a0000000, 0x0000000100000000)
  region size 1024K, 23 young (23552K), 1 survivors (1024K)
 Metaspace       used 75330K, capacity 77484K, committed 77648K, reserved 1116160K
  class space    used 9420K, capacity 10137K, committed 10240K, reserved 1048576K
}
Event: 121.889 GC heap after
{Heap after GC invocations=84 (full 0):
 garbage-first heap   total 145408K, used 75884K [0x00000000a0000000, 0x0000000100000000)
  region size 1024K, 3 young (3072K), 3 survivors (3072K)
 Metaspace       used 75330K, capacity 77484K, committed 77648K, reserved 1116160K
  class space    used 9420K, capacity 10137K, committed 10240K, reserved 1048576K
}
Event: 125.180 GC heap before
{Heap before GC invocations=85 (full 0):
 garbage-first heap   total 145408K, used 99436K [0x00000000a0000000, 0x0000000100000000)
  region size 1024K, 26 young (26624K), 3 survivors (3072K)
 Metaspace       used 77691K, capacity 79840K, committed 79952K, reserved 1118208K
  class space    used 9772K, capacity 10492K, committed 10496K, reserved 1048576K
}
Event: 125.192 GC heap after
{Heap after GC invocations=86 (full 0):
 garbage-first heap   total 145408K, used 77320K [0x00000000a0000000, 0x0000000100000000)
  region size 1024K, 4 young (4096K), 4 survivors (4096K)
 Metaspace       used 77691K, capacity 79840K, committed 79952K, reserved 1118208K
  class space    used 9772K, capacity 10492K, committed 10496K, reserved 1048576K
}
Event: 128.013 GC heap before
{Heap before GC invocations=86 (full 0):
 garbage-first heap   total 145408K, used 101896K [0x00000000a0000000, 0x0000000100000000)
  region size 1024K, 29 young (29696K), 4 survivors (4096K)
 Metaspace       used 80440K, capacity 82561K, committed 82768K, reserved 1122304K
  class space    used 10259K, capacity 10995K, committed 11008K, reserved 1048576K
}
Event: 128.027 GC heap after
{Heap after GC invocations=87 (full 0):
 garbage-first heap   total 145408K, used 78776K [0x00000000a0000000, 0x0000000100000000)
  region size 1024K, 3 young (3072K), 3 survivors (3072K)
 Metaspace       used 80440K, capacity 82561K, committed 82768K, reserved 1122304K
  class space    used 10259K, capacity 10995K, committed 11008K, reserved 1048576K
}
Event: 130.070 GC heap before
{Heap before GC invocations=88 (full 0):
 garbage-first heap   total 145408K, used 106424K [0x00000000a0000000, 0x0000000100000000)
  region size 1024K, 30 young (30720K), 3 survivors (3072K)
 Metaspace       used 81650K, capacity 83829K, committed 84048K, reserved 1122304K
  class space    used 10424K, capacity 11181K, committed 11264K, reserved 1048576K
}
Event: 130.088 GC heap after
{Heap after GC invocations=89 (full 0):
 garbage-first heap   total 183296K, used 81168K [0x00000000a0000000, 0x0000000100000000)
  region size 1024K, 4 young (4096K), 4 survivors (4096K)
 Metaspace       used 81650K, capacity 83829K, committed 84048K, reserved 1122304K
  class space    used 10424K, capacity 11181K, committed 11264K, reserved 1048576K
}
Event: 132.856 GC heap before
{Heap before GC invocations=89 (full 0):
 garbage-first heap   total 183296K, used 125200K [0x00000000a0000000, 0x0000000100000000)
  region size 1024K, 47 young (48128K), 4 survivors (4096K)
 Metaspace       used 83714K, capacity 86155K, committed 86224K, reserved 1124352K
  class space    used 10750K, capacity 11604K, committed 11648K, reserved 1048576K
}
Event: 132.880 GC heap after
{Heap after GC invocations=90 (full 0):
 garbage-first heap   total 183296K, used 85054K [0x00000000a0000000, 0x0000000100000000)
  region size 1024K, 6 young (6144K), 6 survivors (6144K)
 Metaspace       used 83714K, capacity 86155K, committed 86224K, reserved 1124352K
  class space    used 10750K, capacity 11604K, committed 11648K, reserved 1048576K
}
Event: 135.966 GC heap before
{Heap before GC invocations=90 (full 0):
 garbage-first heap   total 183296K, used 130110K [0x00000000a0000000, 0x0000000100000000)
  region size 1024K, 50 young (51200K), 6 survivors (6144K)
 Metaspace       used 87441K, capacity 89840K, committed 90064K, reserved 1128448K
  class space    used 11262K, capacity 12140K, committed 12160K, reserved 1048576K
}
Event: 135.990 GC heap after
{Heap after GC invocations=91 (full 0):
 garbage-first heap   total 183296K, used 88598K [0x00000000a0000000, 0x0000000100000000)
  region size 1024K, 4 young (4096K), 4 survivors (4096K)
 Metaspace       used 87441K, capacity 89840K, committed 90064K, reserved 1128448K
  class space    used 11262K, capacity 12140K, committed 12160K, reserved 1048576K
}
Event: 140.075 GC heap before
{Heap before GC invocations=91 (full 0):
 garbage-first heap   total 183296K, used 134678K [0x00000000a0000000, 0x0000000100000000)
  region size 1024K, 49 young (50176K), 4 survivors (4096K)
 Metaspace       used 91792K, capacity 94358K, committed 94544K, reserved 1130496K
  class space    used 11823K, capacity 12752K, committed 12800K, reserved 1048576K
}
Event: 140.097 GC heap after
{Heap after GC invocations=92 (full 0):
 garbage-first heap   total 183296K, used 91646K [0x00000000a0000000, 0x0000000100000000)
  region size 1024K, 7 young (7168K), 7 survivors (7168K)
 Metaspace       used 91792K, capacity 94358K, committed 94544K, reserved 1130496K
  class space    used 11823K, capacity 12752K, committed 12800K, reserved 1048576K
}

Deoptimization events (20 events):
Event: 141.635 Thread 0x00000255fea44800 Uncommon trap: trap_request=0xffffffc6 fr.pc=0x00000255ee7633e8 relative=0x0000000000000ac8
Event: 141.635 Thread 0x00000255fea44800 Uncommon trap: reason=bimorphic_or_optimized_type_check action=maybe_recompile pc=0x00000255ee7633e8 method=java.io.DataOutputStream.writeShort(I)V @ 12 c2
Event: 141.635 Thread 0x00000255fea44800 DEOPT PACKING pc=0x00000255ee7633e8 sp=0x000000a48bdfde70
Event: 141.636 Thread 0x00000255fea44800 DEOPT UNPACKING pc=0x00000255e6bea1af sp=0x000000a48bdfde68 mode 2
Event: 141.685 Thread 0x0000025580eaa800 Uncommon trap: trap_request=0xffffffc6 fr.pc=0x00000255ee7633e8 relative=0x0000000000000ac8
Event: 141.685 Thread 0x0000025580eaa800 Uncommon trap: reason=bimorphic_or_optimized_type_check action=maybe_recompile pc=0x00000255ee7633e8 method=java.io.DataOutputStream.writeShort(I)V @ 12 c2
Event: 141.685 Thread 0x0000025580eaa800 DEOPT PACKING pc=0x00000255ee7633e8 sp=0x000000a48eefdbc0
Event: 141.685 Thread 0x0000025580eaa800 DEOPT UNPACKING pc=0x00000255e6bea1af sp=0x000000a48eefdbb8 mode 2
Event: 141.768 Thread 0x00000255fe6c6000 Uncommon trap: trap_request=0xffffffde fr.pc=0x00000255ee77830c relative=0x00000000000002cc
Event: 141.768 Thread 0x00000255fe6c6000 Uncommon trap: reason=class_check action=maybe_recompile pc=0x00000255ee77830c method=java.util.Collections$SetFromMap.remove(Ljava/lang/Object;)Z @ 5 c2
Event: 141.768 Thread 0x00000255fe6c6000 DEOPT PACKING pc=0x00000255ee77830c sp=0x000000a48edfea50
Event: 141.768 Thread 0x00000255fe6c6000 DEOPT UNPACKING pc=0x00000255e6bea1af sp=0x000000a48edfea48 mode 2
Event: 141.835 Thread 0x00000255fe6c6000 Uncommon trap: trap_request=0xffffff4d fr.pc=0x00000255eeb2a860 relative=0x0000000000000780
Event: 141.835 Thread 0x00000255fe6c6000 Uncommon trap: reason=unstable_if action=reinterpret pc=0x00000255eeb2a860 method=org.gradle.internal.snapshot.VfsRelativePath.lengthOfCommonPrefix(Ljava/lang/String;Lorg/gradle/internal/snapshot/CaseSensitivity;)I @ 117 c2
Event: 141.835 Thread 0x00000255fe6c6000 DEOPT PACKING pc=0x00000255eeb2a860 sp=0x000000a48edfe4a0
Event: 141.836 Thread 0x00000255fe6c6000 DEOPT UNPACKING pc=0x00000255e6bea1af sp=0x000000a48edfe450 mode 2
Event: 141.917 Thread 0x00000255fe6c6000 Uncommon trap: trap_request=0xffffff4d fr.pc=0x00000255ee92a0e0 relative=0x00000000000001a0
Event: 141.917 Thread 0x00000255fe6c6000 Uncommon trap: reason=unstable_if action=reinterpret pc=0x00000255ee92a0e0 method=org.gradle.internal.snapshot.PathUtil.equalChars(CCLorg/gradle/internal/snapshot/CaseSensitivity;)Z @ 11 c2
Event: 141.917 Thread 0x00000255fe6c6000 DEOPT PACKING pc=0x00000255ee92a0e0 sp=0x000000a48edfb630
Event: 141.917 Thread 0x00000255fe6c6000 DEOPT UNPACKING pc=0x00000255e6bea1af sp=0x000000a48edfb5c8 mode 2

Classes redefined (0 events):
No events

Internal exceptions (20 events):
Event: 142.152 Thread 0x00000255fe6c6000 Exception <a 'java/lang/ClassNotFoundException'{0x00000000a9cdafc8}: org/gradle/process/internal/DefaultExecActionBeanInfo> (0x00000000a9cdafc8) thrown at [./src/hotspot/share/classfile/systemDictionary.cpp, line 231]
Event: 142.153 Thread 0x00000255fe6c6000 Exception <a 'java/lang/ClassNotFoundException'{0x00000000a9b0ad70}: org/gradle/process/internal/DefaultExecHandleBuilderBeanInfo> (0x00000000a9b0ad70) thrown at [./src/hotspot/share/classfile/systemDictionary.cpp, line 231]
Event: 142.155 Thread 0x00000255fe6c6000 Exception <a 'java/lang/ClassNotFoundException'{0x00000000a9b3acc8}: org/gradle/process/internal/AbstractExecHandleBuilderBeanInfo> (0x00000000a9b3acc8) thrown at [./src/hotspot/share/classfile/systemDictionary.cpp, line 231]
Event: 142.156 Thread 0x00000255fe6c6000 Exception <a 'java/lang/ClassNotFoundException'{0x00000000a9b6b450}: org/gradle/process/internal/DefaultProcessForkOptionsBeanInfo> (0x00000000a9b6b450) thrown at [./src/hotspot/share/classfile/systemDictionary.cpp, line 231]
Event: 142.158 Thread 0x00000255fe6c6000 Exception <a 'java/lang/ClassNotFoundException'{0x00000000a9b9bf38}: org/gradle/process/internal/DefaultProcessForkOptionsCustomizer> (0x00000000a9b9bf38) thrown at [./src/hotspot/share/classfile/systemDictionary.cpp, line 231]
Event: 142.164 Thread 0x00000255fe6c6000 Exception <a 'java/lang/ClassNotFoundException'{0x00000000a9bd92b8}: org/gradle/process/internal/AbstractExecHandleBuilderCustomizer> (0x00000000a9bd92b8) thrown at [./src/hotspot/share/classfile/systemDictionary.cpp, line 231]
Event: 142.168 Thread 0x00000255fe6c6000 Exception <a 'java/lang/ClassNotFoundException'{0x00000000a9a1b0f8}: org/gradle/process/internal/DefaultExecHandleBuilderCustomizer> (0x00000000a9a1b0f8) thrown at [./src/hotspot/share/classfile/systemDictionary.cpp, line 231]
Event: 142.173 Thread 0x00000255fe6c6000 Exception <a 'java/lang/ClassNotFoundException'{0x00000000a9a750e0}: org/gradle/process/internal/DefaultExecActionCustomizer> (0x00000000a9a750e0) thrown at [./src/hotspot/share/classfile/systemDictionary.cpp, line 231]
Event: 142.177 Thread 0x00000255fe6c6000 Exception <a 'java/lang/ClassNotFoundException'{0x00000000a9aade88}: org/gradle/process/internal/DefaultExecAction_DecoratedCustomizer> (0x00000000a9aade88) thrown at [./src/hotspot/share/classfile/systemDictionary.cpp, line 231]
Event: 142.184 Thread 0x00000255fe6c6000 Exception <a 'java/lang/ClassNotFoundException'{0x00000000a9903c28}: org/gradle/api/logging/LogLevelBeanInfo> (0x00000000a9903c28) thrown at [./src/hotspot/share/classfile/systemDictionary.cpp, line 231]
Event: 142.186 Thread 0x00000255fe6c6000 Exception <a 'java/lang/ClassNotFoundException'{0x00000000a992ad30}: org/gradle/api/logging/LogLevelCustomizer> (0x00000000a992ad30) thrown at [./src/hotspot/share/classfile/systemDictionary.cpp, line 231]
Event: 142.200 Thread 0x00000255fe6c6000 Exception <a 'java/lang/ClassNotFoundException'{0x00000000a9997a48}: org/gradle/internal/logging/services/DefaultLoggingManagerBeanInfo> (0x00000000a9997a48) thrown at [./src/hotspot/share/classfile/systemDictionary.cpp, line 231]
Event: 142.202 Thread 0x00000255fe6c6000 Exception <a 'java/lang/ClassNotFoundException'{0x00000000a99c8aa0}: org/gradle/internal/logging/services/DefaultLoggingManagerCustomizer> (0x00000000a99c8aa0) thrown at [./src/hotspot/share/classfile/systemDictionary.cpp, line 231]
Event: 142.214 Thread 0x00000255fe6c6000 Exception <a 'java/lang/ClassNotFoundException'{0x00000000a9801e40}: java/lang/BooleanBeanInfo> (0x00000000a9801e40) thrown at [./src/hotspot/share/classfile/systemDictionary.cpp, line 231]
Event: 142.215 Thread 0x00000255fe6c6000 Exception <a 'java/lang/ClassNotFoundException'{0x00000000a980b310}: java/lang/BooleanCustomizer> (0x00000000a980b310) thrown at [./src/hotspot/share/classfile/systemDictionary.cpp, line 231]
Event: 143.357 Thread 0x0000025580eac000 Exception <a 'java/lang/NoSuchMethodError'{0x00000000a98997b0}: 'void java.lang.invoke.DirectMethodHandle$Holder.invokeStatic(java.lang.Object, long)'> (0x00000000a98997b0) thrown at [./src/hotspot/share/interpreter/linkResolver.cpp, line 773]
Event: 143.359 Thread 0x0000025580eac000 Exception <a 'java/lang/NoSuchMethodError'{0x00000000a989e720}: 'java.lang.Object java.lang.invoke.DirectMethodHandle$Holder.invokeStatic(java.lang.Object, long)'> (0x00000000a989e720) thrown at [./src/hotspot/share/interpreter/linkResolver.cpp, line 773]
Event: 143.369 Thread 0x0000025580eac000 Exception <a 'java/lang/NoSuchMethodError'{0x00000000a98ac6f8}: 'java.lang.Object java.lang.invoke.DirectMethodHandle$Holder.invokeStaticInit(java.lang.Object, java.lang.Object, long, java.lang.Object)'> (0x00000000a98ac6f8) thrown at [./src/hotspot/share/interpreter/linkResolver.cpp, line 773]
Event: 143.372 Thread 0x0000025580eac000 Exception <a 'java/lang/NoSuchMethodError'{0x00000000a98b25e8}: 'java.lang.Object java.lang.invoke.DirectMethodHandle$Holder.invokeStatic(java.lang.Object, java.lang.Object, long)'> (0x00000000a98b25e8) thrown at [./src/hotspot/share/interpreter/linkResolver.cpp, line 773]
Event: 143.374 Thread 0x0000025580eac000 Exception <a 'java/lang/NoSuchMethodError'{0x00000000a98b88b8}: 'java.lang.Object java.lang.invoke.Invokers$Holder.linkToTargetMethod(java.lang.Object, long, java.lang.Object)'> (0x00000000a98b88b8) thrown at [./src/hotspot/share/interpreter/linkResolver.cpp, line 773]

Events (20 events):
Event: 143.375 loading class java/lang/ProcessImpl$2
Event: 143.376 loading class java/lang/ProcessImpl$2 done
Event: 143.376 loading class java/lang/Process$PipeInputStream
Event: 143.376 loading class java/lang/Process$PipeInputStream done
Event: 143.378 Executing VM operation: Deoptimize
Event: 143.382 Executing VM operation: Deoptimize done
Event: 143.383 loading class org/gradle/process/internal/streams/ExecOutputHandleRunner
Event: 143.383 loading class org/gradle/process/internal/streams/ExecOutputHandleRunner done
Event: 143.387 Thread 0x0000025580eac800 Thread added: 0x0000025580eac800
Event: 143.387 Thread 0x0000025580ead800 Thread added: 0x0000025580ead800
Event: 150.117 loading class org/gradle/internal/logging/events/StyledTextOutputEvent$Span
Event: 150.117 loading class org/gradle/internal/logging/events/StyledTextOutputEvent$Span done
Event: 150.118 loading class org/gradle/internal/logging/events/operations/StyledTextBuildOperationProgressDetails$Span
Event: 150.118 loading class org/gradle/internal/logging/events/operations/StyledTextBuildOperationProgressDetails$Span done
Event: 150.118 loading class org/gradle/internal/operations/logging/StyledTextBuildOperationProgressDetails$Span
Event: 150.118 loading class org/gradle/internal/operations/logging/StyledTextBuildOperationProgressDetails$Span done
Event: 150.118 Executing VM operation: RevokeBias
Event: 150.118 Executing VM operation: RevokeBias done
Event: 150.119 Executing VM operation: RevokeBias
Event: 150.119 Executing VM operation: RevokeBias done


Dynamic libraries:
0x00007ff74acc0000 - 0x00007ff74acca000 	C:\Program Files\Android\Android Studio\jre\bin\java.exe
0x00007ffe0c8b0000 - 0x00007ffe0caa8000 	C:\WINDOWS\SYSTEM32\ntdll.dll
0x00007ffe0c500000 - 0x00007ffe0c5bf000 	C:\WINDOWS\System32\KERNEL32.DLL
0x00007ffe0a3a0000 - 0x00007ffe0a672000 	C:\WINDOWS\System32\KERNELBASE.dll
0x00007ffe0a850000 - 0x00007ffe0a950000 	C:\WINDOWS\System32\ucrtbase.dll
0x00007ffe05cb0000 - 0x00007ffe05cc9000 	C:\Program Files\Android\Android Studio\jre\bin\jli.dll
0x00007ffe0b470000 - 0x00007ffe0b611000 	C:\WINDOWS\System32\USER32.dll
0x00007ffe0a1f0000 - 0x00007ffe0a212000 	C:\WINDOWS\System32\win32u.dll
0x00007ffe0c060000 - 0x00007ffe0c08b000 	C:\WINDOWS\System32\GDI32.dll
0x00007ffe0a290000 - 0x00007ffe0a39f000 	C:\WINDOWS\System32\gdi32full.dll
0x00007ffe0a700000 - 0x00007ffe0a79d000 	C:\WINDOWS\System32\msvcp_win.dll
0x00007ffe051e0000 - 0x00007ffe051f7000 	C:\Program Files\Android\Android Studio\jre\bin\VCRUNTIME140.dll
0x00007ffdf9a30000 - 0x00007ffdf9cca000 	C:\WINDOWS\WinSxS\amd64_microsoft.windows.common-controls_6595b64144ccf1df_6.0.19041.1110_none_60b5254171f9507e\COMCTL32.dll
0x00007ffe0c7d0000 - 0x00007ffe0c86e000 	C:\WINDOWS\System32\msvcrt.dll
0x00007ffe0b640000 - 0x00007ffe0b672000 	C:\WINDOWS\System32\IMM32.DLL
0x00007ffdfeba0000 - 0x00007ffdfec3d000 	C:\Program Files\Android\Android Studio\jre\bin\msvcp140.dll
0x00007ffddcd40000 - 0x00007ffddd842000 	C:\Program Files\Android\Android Studio\jre\bin\server\jvm.dll
0x00007ffe0b680000 - 0x00007ffe0b72e000 	C:\WINDOWS\System32\ADVAPI32.dll
0x00007ffe0b3d0000 - 0x00007ffe0b46c000 	C:\WINDOWS\System32\sechost.dll
0x00007ffe0b170000 - 0x00007ffe0b295000 	C:\WINDOWS\System32\RPCRT4.dll
0x00007ffe0c7b0000 - 0x00007ffe0c7b8000 	C:\WINDOWS\System32\PSAPI.DLL
0x00007ffe05560000 - 0x00007ffe05569000 	C:\WINDOWS\SYSTEM32\WSOCK32.dll
0x00007ffe0ad10000 - 0x00007ffe0ad7b000 	C:\WINDOWS\System32\WS2_32.dll
0x00007ffe02ec0000 - 0x00007ffe02ee7000 	C:\WINDOWS\SYSTEM32\WINMM.dll
0x00007ffe02ef0000 - 0x00007ffe02efa000 	C:\WINDOWS\SYSTEM32\VERSION.dll
0x00007ffe07ec0000 - 0x00007ffe07ed2000 	C:\WINDOWS\SYSTEM32\kernel.appcore.dll
0x00007ffe00930000 - 0x00007ffe00941000 	C:\Program Files\Android\Android Studio\jre\bin\verify.dll
0x00007ffdf92e0000 - 0x00007ffdf94c4000 	C:\WINDOWS\SYSTEM32\DBGHELP.DLL
0x00007ffdfa9f0000 - 0x00007ffdfaa25000 	C:\WINDOWS\SYSTEM32\dbgcore.DLL
0x00007ffe0a000000 - 0x00007ffe0a082000 	C:\WINDOWS\System32\bcryptPrimitives.dll
0x00007ffe002c0000 - 0x00007ffe002e9000 	C:\Program Files\Android\Android Studio\jre\bin\java.dll
0x00007ffe05190000 - 0x00007ffe0519b000 	C:\Program Files\Android\Android Studio\jre\bin\jimage.dll
0x00007ffdfef80000 - 0x00007ffdfef98000 	C:\Program Files\Android\Android Studio\jre\bin\zip.dll
0x00007ffe0b8b0000 - 0x00007ffe0bff4000 	C:\WINDOWS\System32\SHELL32.dll
0x00007ffe080c0000 - 0x00007ffe08852000 	C:\WINDOWS\SYSTEM32\windows.storage.dll
0x00007ffe0a9b0000 - 0x00007ffe0ad05000 	C:\WINDOWS\System32\combase.dll
0x00007ffe099f0000 - 0x00007ffe09a20000 	C:\WINDOWS\SYSTEM32\Wldp.dll
0x00007ffe0aeb0000 - 0x00007ffe0af5d000 	C:\WINDOWS\System32\SHCORE.dll
0x00007ffe0af60000 - 0x00007ffe0afb5000 	C:\WINDOWS\System32\shlwapi.dll
0x00007ffe09f40000 - 0x00007ffe09f5f000 	C:\WINDOWS\SYSTEM32\profapi.dll
0x00007ffdfef60000 - 0x00007ffdfef7a000 	C:\Program Files\Android\Android Studio\jre\bin\net.dll
0x00007ffe01d60000 - 0x00007ffe01e6c000 	C:\WINDOWS\SYSTEM32\WINHTTP.dll
0x00007ffe096e0000 - 0x00007ffe0974a000 	C:\WINDOWS\system32\mswsock.dll
0x00007ffdfeaf0000 - 0x00007ffdfeb04000 	C:\Program Files\Android\Android Studio\jre\bin\nio.dll
0x00007ffdfeac0000 - 0x00007ffdfeae7000 	C:\Users\Evian\.gradle\native\e1d6ef7f7dcc3fd88c89a11ec53ec762bb8ba0a96d01ffa2cd45eb1d1d8dd5c5\windows-amd64\native-platform.dll
0x00007ffded800000 - 0x00007ffded944000 	C:\Users\Evian\.gradle\native\0d407fdbe67a94daf76414ababcb853783967236a71b16ec16e742cd7a986fd3\windows-amd64\native-platform-file-events.dll
0x00007ffe00920000 - 0x00007ffe0092a000 	C:\Program Files\Android\Android Studio\jre\bin\management.dll
0x00007ffdfff00000 - 0x00007ffdfff0d000 	C:\Program Files\Android\Android Studio\jre\bin\management_ext.dll
0x00007ffe098d0000 - 0x00007ffe098e8000 	C:\WINDOWS\SYSTEM32\CRYPTSP.dll
0x00007ffe09000000 - 0x00007ffe09034000 	C:\WINDOWS\system32\rsaenh.dll
0x00007ffe0a6d0000 - 0x00007ffe0a6f7000 	C:\WINDOWS\System32\bcrypt.dll
0x00007ffe09ec0000 - 0x00007ffe09eee000 	C:\WINDOWS\SYSTEM32\USERENV.dll
0x00007ffe098f0000 - 0x00007ffe098fc000 	C:\WINDOWS\SYSTEM32\CRYPTBASE.dll
0x00007ffe093d0000 - 0x00007ffe0940b000 	C:\WINDOWS\SYSTEM32\IPHLPAPI.DLL
0x00007ffe0c7c0000 - 0x00007ffe0c7c8000 	C:\WINDOWS\System32\NSI.dll
0x00007ffe02020000 - 0x00007ffe02037000 	C:\WINDOWS\SYSTEM32\dhcpcsvc6.DLL
0x00007ffe02ea0000 - 0x00007ffe02ebd000 	C:\WINDOWS\SYSTEM32\dhcpcsvc.DLL
0x00007ffe09410000 - 0x00007ffe094da000 	C:\WINDOWS\SYSTEM32\DNSAPI.dll

dbghelp: loaded successfully - version: 4.0.5 - missing functions: none
symbol engine: initialized successfully - sym options: 0x614 - pdb path: .;C:\Program Files\Android\Android Studio\jre\bin;C:\WINDOWS\SYSTEM32;C:\WINDOWS\WinSxS\amd64_microsoft.windows.common-controls_6595b64144ccf1df_6.0.19041.1110_none_60b5254171f9507e;C:\Program Files\Android\Android Studio\jre\bin\server;C:\Users\Evian\.gradle\native\e1d6ef7f7dcc3fd88c89a11ec53ec762bb8ba0a96d01ffa2cd45eb1d1d8dd5c5\windows-amd64;C:\Users\Evian\.gradle\native\0d407fdbe67a94daf76414ababcb853783967236a71b16ec16e742cd7a986fd3\windows-amd64

VM Arguments:
jvm_args: --add-opens=java.base/java.util=ALL-UNNAMED --add-opens=java.base/java.lang=ALL-UNNAMED --add-opens=java.base/java.lang.invoke=ALL-UNNAMED --add-opens=java.base/java.util=ALL-UNNAMED --add-opens=java.prefs/java.util.prefs=ALL-UNNAMED --add-opens=java.prefs/java.util.prefs=ALL-UNNAMED --add-opens=java.base/java.nio.charset=ALL-UNNAMED --add-opens=java.base/java.net=ALL-UNNAMED --add-opens=java.base/java.util.concurrent.atomic=ALL-UNNAMED -Xmx1536M -Dfile.encoding=windows-1252 -Duser.country=US -Duser.language=en -Duser.variant 
java_command: org.gradle.launcher.daemon.bootstrap.GradleDaemon 7.4
java_class_path (initial): C:\Users\Evian\.gradle\wrapper\dists\gradle-7.4-all\aadb4xli5jkdsnukm30eibyiu\gradle-7.4\lib\gradle-launcher-7.4.jar
Launcher Type: SUN_STANDARD

[Global flags]
     intx CICompilerCount                          = 3                                         {product} {ergonomic}
     uint ConcGCThreads                            = 1                                         {product} {ergonomic}
     uint G1ConcRefinementThreads                  = 4                                         {product} {ergonomic}
   size_t G1HeapRegionSize                         = 1048576                                   {product} {ergonomic}
    uintx GCDrainStackTargetSize                   = 64                                        {product} {ergonomic}
   size_t InitialHeapSize                          = 83886080                                  {product} {ergonomic}
   size_t MarkStackSize                            = 4194304                                   {product} {ergonomic}
   size_t MaxHeapSize                              = 1610612736                                {product} {command line}
   size_t MaxNewSize                               = 965738496                                 {product} {ergonomic}
   size_t MinHeapDeltaBytes                        = 1048576                                   {product} {ergonomic}
    uintx NonNMethodCodeHeapSize                   = 5830732                                {pd product} {ergonomic}
    uintx NonProfiledCodeHeapSize                  = 122913754                              {pd product} {ergonomic}
    uintx ProfiledCodeHeapSize                     = 122913754                              {pd product} {ergonomic}
    uintx ReservedCodeCacheSize                    = 251658240                              {pd product} {ergonomic}
     bool SegmentedCodeCache                       = true                                      {product} {ergonomic}
     bool UseCompressedClassPointers               = true                                 {lp64_product} {ergonomic}
     bool UseCompressedOops                        = true                                 {lp64_product} {ergonomic}
     bool UseG1GC                                  = true                                      {product} {ergonomic}
     bool UseLargePagesIndividualAllocation        = false                                  {pd product} {ergonomic}

Logging:
Log output configuration:
 #0: stdout all=warning uptime,level,tags
 #1: stderr all=off uptime,level,tags

Environment Variables:
JAVA_HOME=C:\Program Files\Android\Android Studio\jre
CLASSPATH=C:\Users\Evian\Documents\project android\news_app_2010020017\android\\gradle\wrapper\gradle-wrapper.jar
PATH=C:\Program Files\Common Files\Oracle\Java\javapath;C:\WINDOWS\system32;C:\WINDOWS;C:\WINDOWS\System32\Wbem;C:\WINDOWS\System32\WindowsPowerShell\v1.0\;C:\WINDOWS\System32\OpenSSH\;C:\xampp2\php;C:\ProgramData\ComposerSetup\bin;C:\Program Files\nodejs\;C:\ProgramData\chocolatey\bin;C:\Program Files\Git\cmd;C:\Users\Evian\AppData\Local\Microsoft\WindowsApps;C:\Users\Evian\AppData\Roaming\Composer\vendor\bin;C:\Users\Evian\AppData\Roaming\npm;C:\Users\Evian\AppData\Local\Programs\Microsoft VS Code\bin;C:\flutter\bin;;C:\flutter\bin\mingit\cmd
USERNAME=Evian
OS=Windows_NT
PROCESSOR_IDENTIFIER=AMD64 Family 22 Model 48 Stepping 1, AuthenticAMD



---------------  S Y S T E M  ---------------

OS: Windows 10 , 64 bit Build 19041 (10.0.19041.2364)
OS uptime: 2 days 11:34 hours

CPU:total 4 (initial active 4) (4 cores per cpu, 1 threads per core) family 22 model 48 stepping 1 microcode 0x0, cmov, cx8, fxsr, mmx, sse, sse2, sse3, ssse3, sse4.1, sse4.2, popcnt, avx, aes, clmul, mmxext, 3dnowpref, lzcnt, sse4a, tsc, tscinvbit, tscinv, bmi1

Memory: 4k page, system-wide physical 5084M (220M free)
TotalPageFile size 17573M (AvailPageFile size 349M)
current process WorkingSet (physical memory assigned to process): 333M, peak: 408M
current process commit charge ("private bytes"): 464M, peak: 470M

vm_info: OpenJDK 64-Bit Server VM (11.0.13+0-b1751.21-8125866) for windows-amd64 JRE (11.0.13+0-b1751.21-8125866), built on Feb  2 2022 03:00:22 by "builder" with MS VC++ 14.0 (VS2015)

END.
